{"/home/travis/build/npmtest/node-npmtest-webpack-dev-middleware/test.js":{"path":"/home/travis/build/npmtest/node-npmtest-webpack-dev-middleware/test.js","s":{"1":2,"2":2,"3":2,"4":2,"5":2,"6":2,"7":2,"8":1,"9":2,"10":2,"11":1,"12":1,"13":1,"14":1,"15":2,"16":2,"17":2,"18":2,"19":1,"20":1,"21":2,"22":2,"23":2,"24":1,"25":1,"26":1,"27":1,"28":1,"29":1,"30":1,"31":1,"32":1,"33":1,"34":1,"35":1,"36":1,"37":1,"38":1,"39":2,"40":2,"41":1,"42":2,"43":2,"44":1,"45":2,"46":2,"47":1,"48":2,"49":2,"50":1,"51":1,"52":1,"53":1,"54":1},"b":{"1":[2,1,1,1],"2":[1,1,1,1],"3":[1,1],"4":[1,1],"5":[1,1],"6":[1,1],"7":[1,1],"8":[1,1],"9":[1,1],"10":[1,1,1],"11":[1,1],"12":[1,1],"13":[1,1],"14":[1,1],"15":[1,1],"16":[1,1],"17":[1,1]},"f":{"1":2,"2":2,"3":2,"4":2,"5":2,"6":1,"7":1,"8":1,"9":2,"10":2,"11":2,"12":2,"13":1},"fnMap":{"1":{"name":"(anonymous_1)","line":12,"loc":{"start":{"line":12,"column":1},"end":{"line":12,"column":13}}},"2":{"name":"(anonymous_2)","line":19,"loc":{"start":{"line":19,"column":5},"end":{"line":19,"column":17}}},"3":{"name":"(anonymous_3)","line":23,"loc":{"start":{"line":23,"column":24},"end":{"line":23,"column":36}}},"4":{"name":"(anonymous_4)","line":61,"loc":{"start":{"line":61,"column":5},"end":{"line":61,"column":17}}},"5":{"name":"(anonymous_5)","line":82,"loc":{"start":{"line":82,"column":5},"end":{"line":82,"column":17}}},"6":{"name":"(anonymous_6)","line":91,"loc":{"start":{"line":91,"column":77},"end":{"line":94,"column":10}}},"7":{"name":"(anonymous_7)","line":112,"loc":{"start":{"line":112,"column":83},"end":{"line":115,"column":10}},"skip":true},"8":{"name":"(anonymous_8)","line":123,"loc":{"start":{"line":123,"column":77},"end":{"line":126,"column":10}},"skip":true},"9":{"name":"(anonymous_9)","line":139,"loc":{"start":{"line":139,"column":12},"end":{"line":139,"column":40}},"skip":true},"10":{"name":"(anonymous_10)","line":147,"loc":{"start":{"line":147,"column":77},"end":{"line":150,"column":10}},"skip":true},"11":{"name":"(anonymous_11)","line":158,"loc":{"start":{"line":158,"column":83},"end":{"line":161,"column":10}},"skip":true},"12":{"name":"(anonymous_12)","line":169,"loc":{"start":{"line":169,"column":79},"end":{"line":172,"column":10}},"skip":true},"13":{"name":"(anonymous_13)","line":180,"loc":{"start":{"line":180,"column":75},"end":{"line":183,"column":10}},"skip":true}},"statementMap":{"1":{"start":{"line":12,"column":0},"end":{"line":195,"column":5}},"2":{"start":{"line":14,"column":4},"end":{"line":14,"column":14}},"3":{"start":{"line":19,"column":4},"end":{"line":56,"column":9}},"4":{"start":{"line":21,"column":8},"end":{"line":21,"column":19}},"5":{"start":{"line":23,"column":8},"end":{"line":35,"column":13}},"6":{"start":{"line":24,"column":12},"end":{"line":34,"column":13}},"7":{"start":{"line":25,"column":16},"end":{"line":28,"column":30}},"8":{"start":{"line":30,"column":16},"end":{"line":33,"column":27}},"9":{"start":{"line":37,"column":8},"end":{"line":39,"column":21}},"10":{"start":{"line":40,"column":8},"end":{"line":53,"column":9}},"11":{"start":{"line":43,"column":12},"end":{"line":46,"column":14}},"12":{"start":{"line":47,"column":12},"end":{"line":47,"column":18}},"13":{"start":{"line":50,"column":12},"end":{"line":51,"column":46}},"14":{"start":{"line":52,"column":12},"end":{"line":52,"column":18}},"15":{"start":{"line":55,"column":8},"end":{"line":55,"column":35}},"16":{"start":{"line":61,"column":4},"end":{"line":63,"column":9}},"17":{"start":{"line":62,"column":8},"end":{"line":62,"column":15}},"18":{"start":{"line":64,"column":4},"end":{"line":77,"column":5}},"19":{"start":{"line":70,"column":8},"end":{"line":70,"column":14}},"20":{"start":{"line":76,"column":8},"end":{"line":76,"column":14}},"21":{"start":{"line":82,"column":4},"end":{"line":84,"column":9}},"22":{"start":{"line":83,"column":8},"end":{"line":83,"column":15}},"23":{"start":{"line":85,"column":4},"end":{"line":194,"column":5}},"24":{"start":{"line":91,"column":8},"end":{"line":99,"column":10}},"25":{"start":{"line":98,"column":12},"end":{"line":98,"column":35}},"26":{"start":{"line":102,"column":8},"end":{"line":104,"column":63}},"27":{"start":{"line":105,"column":8},"end":{"line":105,"column":14}},"28":{"start":{"line":112,"column":8},"end":{"line":121,"column":10},"skip":true},"29":{"start":{"line":119,"column":12},"end":{"line":119,"column":55},"skip":true},"30":{"start":{"line":120,"column":12},"end":{"line":120,"column":48},"skip":true},"31":{"start":{"line":123,"column":8},"end":{"line":136,"column":10},"skip":true},"32":{"start":{"line":130,"column":12},"end":{"line":130,"column":76},"skip":true},"33":{"start":{"line":131,"column":12},"end":{"line":131,"column":73},"skip":true},"34":{"start":{"line":132,"column":12},"end":{"line":132,"column":74},"skip":true},"35":{"start":{"line":133,"column":12},"end":{"line":133,"column":79},"skip":true},"36":{"start":{"line":134,"column":12},"end":{"line":134,"column":25},"skip":true},"37":{"start":{"line":135,"column":12},"end":{"line":135,"column":45},"skip":true},"38":{"start":{"line":138,"column":8},"end":{"line":145,"column":14},"skip":true},"39":{"start":{"line":143,"column":16},"end":{"line":143,"column":29},"skip":true},"40":{"start":{"line":144,"column":16},"end":{"line":144,"column":55},"skip":true},"41":{"start":{"line":147,"column":8},"end":{"line":156,"column":10},"skip":true},"42":{"start":{"line":154,"column":12},"end":{"line":154,"column":25},"skip":true},"43":{"start":{"line":155,"column":12},"end":{"line":155,"column":45},"skip":true},"44":{"start":{"line":158,"column":8},"end":{"line":167,"column":10},"skip":true},"45":{"start":{"line":165,"column":12},"end":{"line":165,"column":25},"skip":true},"46":{"start":{"line":166,"column":12},"end":{"line":166,"column":48},"skip":true},"47":{"start":{"line":169,"column":8},"end":{"line":178,"column":10},"skip":true},"48":{"start":{"line":176,"column":12},"end":{"line":176,"column":25},"skip":true},"49":{"start":{"line":177,"column":12},"end":{"line":177,"column":46},"skip":true},"50":{"start":{"line":180,"column":8},"end":{"line":189,"column":10},"skip":true},"51":{"start":{"line":187,"column":12},"end":{"line":187,"column":94},"skip":true},"52":{"start":{"line":188,"column":12},"end":{"line":188,"column":48},"skip":true},"53":{"start":{"line":192,"column":8},"end":{"line":192,"column":35},"skip":true},"54":{"start":{"line":193,"column":8},"end":{"line":193,"column":14},"skip":true}},"branchMap":{"1":{"line":25,"type":"binary-expr","locations":[{"start":{"line":25,"column":23},"end":{"line":25,"column":62}},{"start":{"line":26,"column":20},"end":{"line":26,"column":70}},{"start":{"line":27,"column":20},"end":{"line":27,"column":71}},{"start":{"line":28,"column":20},"end":{"line":28,"column":29}}]},"2":{"line":30,"type":"binary-expr","locations":[{"start":{"line":30,"column":23},"end":{"line":30,"column":37}},{"start":{"line":31,"column":20},"end":{"line":31,"column":61}},{"start":{"line":32,"column":20},"end":{"line":32,"column":70}},{"start":{"line":33,"column":20},"end":{"line":33,"column":26}}]},"3":{"line":37,"type":"cond-expr","locations":[{"start":{"line":38,"column":14},"end":{"line":38,"column":20}},{"start":{"line":39,"column":14},"end":{"line":39,"column":20}}]},"4":{"line":40,"type":"switch","locations":[{"start":{"line":42,"column":8},"end":{"line":47,"column":18}},{"start":{"line":49,"column":8},"end":{"line":52,"column":18}}]},"5":{"line":44,"type":"binary-expr","locations":[{"start":{"line":44,"column":16},"end":{"line":44,"column":44}},{"start":{"line":44,"column":48},"end":{"line":44,"column":66}}]},"6":{"line":50,"type":"binary-expr","locations":[{"start":{"line":50,"column":21},"end":{"line":50,"column":49}},{"start":{"line":50,"column":53},"end":{"line":50,"column":72}}]},"7":{"line":64,"type":"switch","locations":[{"start":{"line":69,"column":4},"end":{"line":70,"column":14}},{"start":{"line":75,"column":4},"end":{"line":76,"column":14}}]},"8":{"line":85,"type":"switch","locations":[{"start":{"line":90,"column":4},"end":{"line":105,"column":14}},{"start":{"line":111,"column":4},"end":{"line":193,"column":14},"skip":true}]},"9":{"line":91,"type":"binary-expr","locations":[{"start":{"line":91,"column":42},"end":{"line":91,"column":73}},{"start":{"line":91,"column":77},"end":{"line":99,"column":9}}]},"10":{"line":102,"type":"binary-expr","locations":[{"start":{"line":102,"column":18},"end":{"line":102,"column":32}},{"start":{"line":103,"column":12},"end":{"line":103,"column":53}},{"start":{"line":104,"column":12},"end":{"line":104,"column":61}}]},"11":{"line":112,"type":"binary-expr","locations":[{"start":{"line":112,"column":45},"end":{"line":112,"column":79},"skip":true},{"start":{"line":112,"column":83},"end":{"line":121,"column":9},"skip":true}]},"12":{"line":123,"type":"binary-expr","locations":[{"start":{"line":123,"column":42},"end":{"line":123,"column":73},"skip":true},{"start":{"line":123,"column":77},"end":{"line":136,"column":9},"skip":true}]},"13":{"line":138,"type":"binary-expr","locations":[{"start":{"line":138,"column":48},"end":{"line":138,"column":85},"skip":true},{"start":{"line":139,"column":12},"end":{"line":145,"column":13},"skip":true}]},"14":{"line":147,"type":"binary-expr","locations":[{"start":{"line":147,"column":42},"end":{"line":147,"column":73},"skip":true},{"start":{"line":147,"column":77},"end":{"line":156,"column":9},"skip":true}]},"15":{"line":158,"type":"binary-expr","locations":[{"start":{"line":158,"column":45},"end":{"line":158,"column":79},"skip":true},{"start":{"line":158,"column":83},"end":{"line":167,"column":9},"skip":true}]},"16":{"line":169,"type":"binary-expr","locations":[{"start":{"line":169,"column":43},"end":{"line":169,"column":75},"skip":true},{"start":{"line":169,"column":79},"end":{"line":178,"column":9},"skip":true}]},"17":{"line":180,"type":"binary-expr","locations":[{"start":{"line":180,"column":41},"end":{"line":180,"column":71},"skip":true},{"start":{"line":180,"column":75},"end":{"line":189,"column":9},"skip":true}]}},"code":["/* istanbul instrument in package npmtest_webpack_dev_middleware */","/*jslint","    bitwise: true,","    browser: true,","    maxerr: 8,","    maxlen: 96,","    node: true,","    nomen: true,","    regexp: true,","    stupid: true","*/","(function () {","    'use strict';","    var local;","","","","    // run shared js-env code - pre-init","    (function () {","        // init local","        local = {};","        // init modeJs","        local.modeJs = (function () {","            try {","                return typeof navigator.userAgent === 'string' &&","                    typeof document.querySelector('body') === 'object' &&","                    typeof XMLHttpRequest.prototype.open === 'function' &&","                    'browser';","            } catch (errorCaughtBrowser) {","                return module.exports &&","                    typeof process.versions.node === 'string' &&","                    typeof require('http').createServer === 'function' &&","                    'node';","            }","        }());","        // init global","        local.global = local.modeJs === 'browser'","            ? window","            : global;","        switch (local.modeJs) {","        // re-init local from window.local","        case 'browser':","            local = local.global.utility2.objectSetDefault(","                local.global.utility2_rollup || local.global.local,","                local.global.utility2","            );","            break;","        // re-init local from example.js","        case 'node':","            local = (local.global.utility2_rollup || require('utility2'))","                .requireExampleJsFromReadme();","            break;","        }","        // export local","        local.global.local = local;","    }());","","","","    // run shared js-env code - function","    (function () {","        return;","    }());","    switch (local.modeJs) {","","","","    // run browser js-env code - function","    case 'browser':","        break;","","","","    // run node js-env code - function","    case 'node':","        break;","    }","","","","    // run shared js-env code - post-init","    (function () {","        return;","    }());","    switch (local.modeJs) {","","","","    // run browser js-env code - post-init","    case 'browser':","        local.testCase_browser_nullCase = local.testCase_browser_nullCase || function (","            options,","            onError","        ) {","        /*","         * this function will test browsers's null-case handling-behavior-behavior","         */","            onError(null, options);","        };","","        // run tests","        local.nop(local.modeTest &&","            document.querySelector('#testRunButton1') &&","            document.querySelector('#testRunButton1').click());","        break;","","","","    // run node js-env code - post-init","    /* istanbul ignore next */","    case 'node':","        local.testCase_buildApidoc_default = local.testCase_buildApidoc_default || function (","            options,","            onError","        ) {","        /*","         * this function will test buildApidoc's default handling-behavior-behavior","         */","            options = { modulePathList: module.paths };","            local.buildApidoc(options, onError);","        };","","        local.testCase_buildApp_default = local.testCase_buildApp_default || function (","            options,","            onError","        ) {","        /*","         * this function will test buildApp's default handling-behavior-behavior","         */","            local.testCase_buildReadme_default(options, local.onErrorThrow);","            local.testCase_buildLib_default(options, local.onErrorThrow);","            local.testCase_buildTest_default(options, local.onErrorThrow);","            local.testCase_buildCustomOrg_default(options, local.onErrorThrow);","            options = [];","            local.buildApp(options, onError);","        };","","        local.testCase_buildCustomOrg_default = local.testCase_buildCustomOrg_default ||","            function (options, onError) {","            /*","             * this function will test buildCustomOrg's default handling-behavior","             */","                options = {};","                local.buildCustomOrg(options, onError);","            };","","        local.testCase_buildLib_default = local.testCase_buildLib_default || function (","            options,","            onError","        ) {","        /*","         * this function will test buildLib's default handling-behavior","         */","            options = {};","            local.buildLib(options, onError);","        };","","        local.testCase_buildReadme_default = local.testCase_buildReadme_default || function (","            options,","            onError","        ) {","        /*","         * this function will test buildReadme's default handling-behavior-behavior","         */","            options = {};","            local.buildReadme(options, onError);","        };","","        local.testCase_buildTest_default = local.testCase_buildTest_default || function (","            options,","            onError","        ) {","        /*","         * this function will test buildTest's default handling-behavior","         */","            options = {};","            local.buildTest(options, onError);","        };","","        local.testCase_webpage_default = local.testCase_webpage_default || function (","            options,","            onError","        ) {","        /*","         * this function will test webpage's default handling-behavior","         */","            options = { modeCoverageMerge: true, url: local.serverLocalHost + '?modeTest=1' };","            local.browserTest(options, onError);","        };","","        // run test-server","        local.testRunServer(local);","        break;","    }","}());",""],"l":{"12":2,"14":2,"19":2,"21":2,"23":2,"24":2,"25":2,"30":1,"37":2,"40":2,"43":1,"47":1,"50":1,"52":1,"55":2,"61":2,"62":2,"64":2,"70":1,"76":1,"82":2,"83":2,"85":2,"91":1,"98":1,"102":1,"105":1,"112":1,"119":1,"120":1,"123":1,"130":1,"131":1,"132":1,"133":1,"134":1,"135":1,"138":1,"143":2,"144":2,"147":1,"154":2,"155":2,"158":1,"165":2,"166":2,"169":1,"176":2,"177":2,"180":1,"187":1,"188":1,"192":1,"193":1}},"/home/travis/build/npmtest/node-npmtest-webpack-dev-middleware/lib.npmtest_webpack_dev_middleware.js":{"path":"/home/travis/build/npmtest/node-npmtest-webpack-dev-middleware/lib.npmtest_webpack_dev_middleware.js","s":{"1":2,"2":2,"3":2,"4":2,"5":2,"6":2,"7":2,"8":1,"9":2,"10":2,"11":2,"12":2,"13":1,"14":1,"15":1,"16":1},"b":{"1":[2,1,1,1],"2":[1,1,1,1],"3":[1,1],"4":[2,2],"5":[1,1]},"f":{"1":2,"2":2,"3":2},"fnMap":{"1":{"name":"(anonymous_1)","line":12,"loc":{"start":{"line":12,"column":1},"end":{"line":12,"column":13}}},"2":{"name":"(anonymous_2)","line":19,"loc":{"start":{"line":19,"column":5},"end":{"line":19,"column":17}}},"3":{"name":"(anonymous_3)","line":23,"loc":{"start":{"line":23,"column":24},"end":{"line":23,"column":36}}}},"statementMap":{"1":{"start":{"line":12,"column":0},"end":{"line":53,"column":5}},"2":{"start":{"line":14,"column":4},"end":{"line":14,"column":14}},"3":{"start":{"line":19,"column":4},"end":{"line":52,"column":9}},"4":{"start":{"line":21,"column":8},"end":{"line":21,"column":19}},"5":{"start":{"line":23,"column":8},"end":{"line":35,"column":13}},"6":{"start":{"line":24,"column":12},"end":{"line":34,"column":13}},"7":{"start":{"line":25,"column":16},"end":{"line":28,"column":30}},"8":{"start":{"line":30,"column":16},"end":{"line":33,"column":27}},"9":{"start":{"line":37,"column":8},"end":{"line":39,"column":21}},"10":{"start":{"line":41,"column":8},"end":{"line":41,"column":54}},"11":{"start":{"line":43,"column":8},"end":{"line":43,"column":67}},"12":{"start":{"line":45,"column":8},"end":{"line":51,"column":9}},"13":{"start":{"line":46,"column":12},"end":{"line":46,"column":73}},"14":{"start":{"line":48,"column":12},"end":{"line":48,"column":35}},"15":{"start":{"line":49,"column":12},"end":{"line":49,"column":49}},"16":{"start":{"line":50,"column":12},"end":{"line":50,"column":43}}},"branchMap":{"1":{"line":25,"type":"binary-expr","locations":[{"start":{"line":25,"column":23},"end":{"line":25,"column":62}},{"start":{"line":26,"column":20},"end":{"line":26,"column":70}},{"start":{"line":27,"column":20},"end":{"line":27,"column":71}},{"start":{"line":28,"column":20},"end":{"line":28,"column":29}}]},"2":{"line":30,"type":"binary-expr","locations":[{"start":{"line":30,"column":23},"end":{"line":30,"column":37}},{"start":{"line":31,"column":20},"end":{"line":31,"column":61}},{"start":{"line":32,"column":20},"end":{"line":32,"column":70}},{"start":{"line":33,"column":20},"end":{"line":33,"column":26}}]},"3":{"line":37,"type":"cond-expr","locations":[{"start":{"line":38,"column":14},"end":{"line":38,"column":20}},{"start":{"line":39,"column":14},"end":{"line":39,"column":20}}]},"4":{"line":41,"type":"binary-expr","locations":[{"start":{"line":41,"column":16},"end":{"line":41,"column":44}},{"start":{"line":41,"column":48},"end":{"line":41,"column":53}}]},"5":{"line":45,"type":"if","locations":[{"start":{"line":45,"column":8},"end":{"line":45,"column":8}},{"start":{"line":45,"column":8},"end":{"line":45,"column":8}}]}},"code":["/* istanbul instrument in package npmtest_webpack_dev_middleware */","/*jslint","    bitwise: true,","    browser: true,","    maxerr: 8,","    maxlen: 96,","    node: true,","    nomen: true,","    regexp: true,","    stupid: true","*/","(function () {","    'use strict';","    var local;","","","","    // run shared js-env code - pre-init","    (function () {","        // init local","        local = {};","        // init modeJs","        local.modeJs = (function () {","            try {","                return typeof navigator.userAgent === 'string' &&","                    typeof document.querySelector('body') === 'object' &&","                    typeof XMLHttpRequest.prototype.open === 'function' &&","                    'browser';","            } catch (errorCaughtBrowser) {","                return module.exports &&","                    typeof process.versions.node === 'string' &&","                    typeof require('http').createServer === 'function' &&","                    'node';","            }","        }());","        // init global","        local.global = local.modeJs === 'browser'","            ? window","            : global;","        // init utility2_rollup","        local = local.global.utility2_rollup || local;","        // init lib","        local.local = local.npmtest_webpack_dev_middleware = local;","        // init exports","        if (local.modeJs === 'browser') {","            local.global.utility2_npmtest_webpack_dev_middleware = local;","        } else {","            module.exports = local;","            module.exports.__dirname = __dirname;","            module.exports.module = module;","        }","    }());","}());",""],"l":{"12":2,"14":2,"19":2,"21":2,"23":2,"24":2,"25":2,"30":1,"37":2,"41":2,"43":2,"45":2,"46":1,"48":1,"49":1,"50":1}},"/home/travis/build/npmtest/node-npmtest-webpack-dev-middleware/example.js":{"path":"/home/travis/build/npmtest/node-npmtest-webpack-dev-middleware/example.js","s":{"1":2,"2":2,"3":2,"4":2,"5":2,"6":2,"7":2,"8":1,"9":2,"10":2,"11":2,"12":2,"13":1,"14":2,"15":2,"16":2,"17":2,"18":2,"19":0,"20":2,"21":1,"22":1,"23":1,"24":1,"25":1,"26":0,"27":0,"28":1,"29":1,"30":2,"31":0,"32":0,"33":0,"34":1,"35":2,"36":2,"37":3,"38":3,"39":3,"40":3,"41":0,"42":3,"43":3,"44":3,"45":1,"46":3,"47":1,"48":1,"49":1,"50":1,"51":1,"52":1,"53":1,"54":1,"55":1,"56":1,"57":0,"58":1,"59":6,"60":6,"61":1,"62":2,"63":0,"64":2,"65":1,"66":1,"67":0,"68":0,"69":0,"70":0,"71":0,"72":0,"73":0,"74":0,"75":0,"76":0,"77":0,"78":0,"79":0,"80":0,"81":0,"82":0,"83":0},"b":{"1":[2,1,1,1],"2":[1,1,1,1],"3":[1,1],"4":[2,2],"5":[1,1],"6":[1,1],"7":[2,0],"8":[2,1,1,1,1,1],"9":[0,2,0],"10":[1,1],"11":[2,1,1],"12":[1,0],"13":[0,2],"14":[2,0,0,0,0,0,0],"15":[0,3],"16":[3,0],"17":[1,1],"18":[0,1],"19":[1,2,0,2],"20":[1,0],"21":[1,1],"22":[0,0],"23":[0,0],"24":[0,0],"25":[0,0],"26":[0,0],"27":[0,0],"28":[0,0]},"f":{"1":2,"2":2,"3":2,"4":2,"5":2,"6":2,"7":3,"8":3,"9":3,"10":1,"11":6,"12":0},"fnMap":{"1":{"name":"(anonymous_1)","line":26,"loc":{"start":{"line":26,"column":1},"end":{"line":26,"column":13}}},"2":{"name":"(anonymous_2)","line":33,"loc":{"start":{"line":33,"column":5},"end":{"line":33,"column":17}}},"3":{"name":"(anonymous_3)","line":37,"loc":{"start":{"line":37,"column":24},"end":{"line":37,"column":36}}},"4":{"name":"(anonymous_4)","line":69,"loc":{"start":{"line":69,"column":31},"end":{"line":69,"column":48}},"skip":true},"5":{"name":"(anonymous_5)","line":78,"loc":{"start":{"line":78,"column":26},"end":{"line":78,"column":45}},"skip":true},"6":{"name":"(anonymous_6)","line":123,"loc":{"start":{"line":123,"column":33},"end":{"line":123,"column":48}},"skip":true},"7":{"name":"(anonymous_7)","line":125,"loc":{"start":{"line":125,"column":27},"end":{"line":125,"column":39}},"skip":true},"8":{"name":"(anonymous_8)","line":133,"loc":{"start":{"line":133,"column":59},"end":{"line":133,"column":74}},"skip":true},"9":{"name":"(anonymous_9)","line":143,"loc":{"start":{"line":143,"column":45},"end":{"line":143,"column":62}},"skip":true},"10":{"name":"(anonymous_10)","line":144,"loc":{"start":{"line":144,"column":73},"end":{"line":144,"column":92}},"skip":true},"11":{"name":"(anonymous_11)","line":272,"loc":{"start":{"line":272,"column":51},"end":{"line":272,"column":77}},"skip":true},"12":{"name":"(anonymous_12)","line":315,"loc":{"start":{"line":315,"column":32},"end":{"line":315,"column":61}},"skip":true}},"statementMap":{"1":{"start":{"line":26,"column":0},"end":{"line":326,"column":5}},"2":{"start":{"line":28,"column":4},"end":{"line":28,"column":14}},"3":{"start":{"line":33,"column":4},"end":{"line":60,"column":9}},"4":{"start":{"line":35,"column":8},"end":{"line":35,"column":19}},"5":{"start":{"line":37,"column":8},"end":{"line":49,"column":13}},"6":{"start":{"line":38,"column":12},"end":{"line":48,"column":13}},"7":{"start":{"line":39,"column":16},"end":{"line":42,"column":30}},"8":{"start":{"line":44,"column":16},"end":{"line":47,"column":27}},"9":{"start":{"line":51,"column":8},"end":{"line":53,"column":21}},"10":{"start":{"line":55,"column":8},"end":{"line":57,"column":45}},"11":{"start":{"line":59,"column":8},"end":{"line":59,"column":35}},"12":{"start":{"line":61,"column":4},"end":{"line":325,"column":5}},"13":{"start":{"line":69,"column":8},"end":{"line":121,"column":10},"skip":true},"14":{"start":{"line":70,"column":12},"end":{"line":88,"column":13},"skip":true},"15":{"start":{"line":76,"column":16},"end":{"line":87,"column":19},"skip":true},"16":{"start":{"line":79,"column":20},"end":{"line":86,"column":21},"skip":true},"17":{"start":{"line":82,"column":24},"end":{"line":82,"column":43},"skip":true},"18":{"start":{"line":83,"column":24},"end":{"line":83,"column":30},"skip":true},"19":{"start":{"line":85,"column":24},"end":{"line":85,"column":49},"skip":true},"20":{"start":{"line":89,"column":12},"end":{"line":107,"column":13},"skip":true},"21":{"start":{"line":92,"column":16},"end":{"line":102,"column":17},"skip":true},"22":{"start":{"line":93,"column":20},"end":{"line":93,"column":86},"skip":true},"23":{"start":{"line":94,"column":20},"end":{"line":95,"column":45},"skip":true},"24":{"start":{"line":96,"column":20},"end":{"line":96,"column":42},"skip":true},"25":{"start":{"line":97,"column":20},"end":{"line":97,"column":48},"skip":true},"26":{"start":{"line":100,"column":20},"end":{"line":100,"column":85},"skip":true},"27":{"start":{"line":101,"column":20},"end":{"line":101,"column":96},"skip":true},"28":{"start":{"line":103,"column":16},"end":{"line":103,"column":22},"skip":true},"29":{"start":{"line":106,"column":16},"end":{"line":106,"column":22},"skip":true},"30":{"start":{"line":108,"column":12},"end":{"line":120,"column":13},"skip":true},"31":{"start":{"line":114,"column":16},"end":{"line":119,"column":17},"skip":true},"32":{"start":{"line":116,"column":20},"end":{"line":116,"column":78},"skip":true},"33":{"start":{"line":118,"column":20},"end":{"line":118,"column":47},"skip":true},"34":{"start":{"line":123,"column":8},"end":{"line":141,"column":11},"skip":true},"35":{"start":{"line":124,"column":12},"end":{"line":124,"column":54},"skip":true},"36":{"start":{"line":125,"column":12},"end":{"line":140,"column":14},"skip":true},"37":{"start":{"line":126,"column":16},"end":{"line":126,"column":28},"skip":true},"38":{"start":{"line":127,"column":16},"end":{"line":127,"column":69},"skip":true},"39":{"start":{"line":128,"column":16},"end":{"line":128,"column":75},"skip":true},"40":{"start":{"line":129,"column":16},"end":{"line":131,"column":17},"skip":true},"41":{"start":{"line":130,"column":20},"end":{"line":130,"column":27},"skip":true},"42":{"start":{"line":133,"column":16},"end":{"line":137,"column":36},"skip":true},"43":{"start":{"line":134,"column":20},"end":{"line":136,"column":55},"skip":true},"44":{"start":{"line":139,"column":16},"end":{"line":139,"column":57},"skip":true},"45":{"start":{"line":143,"column":8},"end":{"line":147,"column":11},"skip":true},"46":{"start":{"line":144,"column":12},"end":{"line":146,"column":15},"skip":true},"47":{"start":{"line":145,"column":16},"end":{"line":145,"column":70},"skip":true},"48":{"start":{"line":149,"column":8},"end":{"line":149,"column":31},"skip":true},"49":{"start":{"line":150,"column":8},"end":{"line":150,"column":14},"skip":true},"50":{"start":{"line":158,"column":8},"end":{"line":158,"column":31},"skip":true},"51":{"start":{"line":160,"column":8},"end":{"line":160,"column":33},"skip":true},"52":{"start":{"line":161,"column":8},"end":{"line":161,"column":37},"skip":true},"53":{"start":{"line":162,"column":8},"end":{"line":162,"column":35},"skip":true},"54":{"start":{"line":164,"column":8},"end":{"line":164,"column":50},"skip":true},"55":{"start":{"line":166,"column":8},"end":{"line":256,"column":2},"skip":true},"56":{"start":{"line":258,"column":8},"end":{"line":286,"column":9},"skip":true},"57":{"start":{"line":259,"column":12},"end":{"line":269,"column":14},"skip":true},"58":{"start":{"line":271,"column":12},"end":{"line":285,"column":19},"skip":true},"59":{"start":{"line":274,"column":20},"end":{"line":274,"column":35},"skip":true},"60":{"start":{"line":275,"column":20},"end":{"line":284,"column":21},"skip":true},"61":{"start":{"line":277,"column":24},"end":{"line":277,"column":64},"skip":true},"62":{"start":{"line":279,"column":24},"end":{"line":279,"column":40},"skip":true},"63":{"start":{"line":281,"column":24},"end":{"line":281,"column":40},"skip":true},"64":{"start":{"line":283,"column":24},"end":{"line":283,"column":39},"skip":true},"65":{"start":{"line":288,"column":8},"end":{"line":290,"column":9},"skip":true},"66":{"start":{"line":289,"column":12},"end":{"line":289,"column":18},"skip":true},"67":{"start":{"line":291,"column":8},"end":{"line":293,"column":54},"skip":true},"68":{"start":{"line":296,"column":8},"end":{"line":301,"column":37},"skip":true},"69":{"start":{"line":303,"column":8},"end":{"line":303,"column":82},"skip":true},"70":{"start":{"line":306,"column":8},"end":{"line":308,"column":9},"skip":true},"71":{"start":{"line":307,"column":12},"end":{"line":307,"column":82},"skip":true},"72":{"start":{"line":310,"column":8},"end":{"line":312,"column":9},"skip":true},"73":{"start":{"line":311,"column":12},"end":{"line":311,"column":18},"skip":true},"74":{"start":{"line":313,"column":8},"end":{"line":313,"column":54},"skip":true},"75":{"start":{"line":314,"column":8},"end":{"line":314,"column":69},"skip":true},"76":{"start":{"line":315,"column":8},"end":{"line":323,"column":36},"skip":true},"77":{"start":{"line":316,"column":12},"end":{"line":316,"column":61},"skip":true},"78":{"start":{"line":317,"column":12},"end":{"line":320,"column":13},"skip":true},"79":{"start":{"line":318,"column":16},"end":{"line":318,"column":75},"skip":true},"80":{"start":{"line":319,"column":16},"end":{"line":319,"column":23},"skip":true},"81":{"start":{"line":321,"column":12},"end":{"line":321,"column":38},"skip":true},"82":{"start":{"line":322,"column":12},"end":{"line":322,"column":27},"skip":true},"83":{"start":{"line":324,"column":8},"end":{"line":324,"column":14},"skip":true}},"branchMap":{"1":{"line":39,"type":"binary-expr","locations":[{"start":{"line":39,"column":23},"end":{"line":39,"column":62}},{"start":{"line":40,"column":20},"end":{"line":40,"column":70}},{"start":{"line":41,"column":20},"end":{"line":41,"column":71}},{"start":{"line":42,"column":20},"end":{"line":42,"column":29}}]},"2":{"line":44,"type":"binary-expr","locations":[{"start":{"line":44,"column":23},"end":{"line":44,"column":37}},{"start":{"line":45,"column":20},"end":{"line":45,"column":61}},{"start":{"line":46,"column":20},"end":{"line":46,"column":70}},{"start":{"line":47,"column":20},"end":{"line":47,"column":26}}]},"3":{"line":51,"type":"cond-expr","locations":[{"start":{"line":52,"column":14},"end":{"line":52,"column":20}},{"start":{"line":53,"column":14},"end":{"line":53,"column":20}}]},"4":{"line":55,"type":"binary-expr","locations":[{"start":{"line":55,"column":16},"end":{"line":55,"column":44}},{"start":{"line":55,"column":49},"end":{"line":57,"column":43}}]},"5":{"line":55,"type":"cond-expr","locations":[{"start":{"line":56,"column":14},"end":{"line":56,"column":66}},{"start":{"line":57,"column":14},"end":{"line":57,"column":43}}]},"6":{"line":61,"type":"switch","locations":[{"start":{"line":68,"column":4},"end":{"line":150,"column":14},"skip":true},{"start":{"line":156,"column":4},"end":{"line":324,"column":14},"skip":true}]},"7":{"line":70,"type":"if","locations":[{"start":{"line":70,"column":12},"end":{"line":70,"column":12},"skip":true},{"start":{"line":70,"column":12},"end":{"line":70,"column":12},"skip":true}]},"8":{"line":70,"type":"binary-expr","locations":[{"start":{"line":70,"column":16},"end":{"line":70,"column":22},"skip":true},{"start":{"line":70,"column":27},"end":{"line":70,"column":32},"skip":true},{"start":{"line":71,"column":20},"end":{"line":71,"column":39},"skip":true},{"start":{"line":72,"column":20},"end":{"line":72,"column":49},"skip":true},{"start":{"line":73,"column":20},"end":{"line":73,"column":58},"skip":true},{"start":{"line":74,"column":20},"end":{"line":74,"column":69},"skip":true}]},"9":{"line":79,"type":"switch","locations":[{"start":{"line":80,"column":20},"end":{"line":80,"column":33},"skip":true},{"start":{"line":81,"column":20},"end":{"line":83,"column":30},"skip":true},{"start":{"line":84,"column":20},"end":{"line":85,"column":49},"skip":true}]},"10":{"line":89,"type":"switch","locations":[{"start":{"line":90,"column":12},"end":{"line":103,"column":22},"skip":true},{"start":{"line":105,"column":12},"end":{"line":106,"column":22},"skip":true}]},"11":{"line":89,"type":"binary-expr","locations":[{"start":{"line":89,"column":20},"end":{"line":89,"column":25},"skip":true},{"start":{"line":89,"column":29},"end":{"line":89,"column":48},"skip":true},{"start":{"line":89,"column":52},"end":{"line":89,"column":74},"skip":true}]},"12":{"line":92,"type":"if","locations":[{"start":{"line":92,"column":16},"end":{"line":92,"column":16},"skip":true},{"start":{"line":92,"column":16},"end":{"line":92,"column":16},"skip":true}]},"13":{"line":108,"type":"if","locations":[{"start":{"line":108,"column":12},"end":{"line":108,"column":12},"skip":true},{"start":{"line":108,"column":12},"end":{"line":108,"column":12},"skip":true}]},"14":{"line":108,"type":"binary-expr","locations":[{"start":{"line":108,"column":16},"end":{"line":108,"column":61},"skip":true},{"start":{"line":108,"column":66},"end":{"line":108,"column":72},"skip":true},{"start":{"line":108,"column":77},"end":{"line":108,"column":82},"skip":true},{"start":{"line":109,"column":20},"end":{"line":109,"column":39},"skip":true},{"start":{"line":110,"column":20},"end":{"line":110,"column":49},"skip":true},{"start":{"line":111,"column":20},"end":{"line":111,"column":58},"skip":true},{"start":{"line":112,"column":20},"end":{"line":112,"column":68},"skip":true}]},"15":{"line":129,"type":"if","locations":[{"start":{"line":129,"column":16},"end":{"line":129,"column":16},"skip":true},{"start":{"line":129,"column":16},"end":{"line":129,"column":16},"skip":true}]},"16":{"line":134,"type":"cond-expr","locations":[{"start":{"line":135,"column":26},"end":{"line":135,"column":29},"skip":true},{"start":{"line":136,"column":26},"end":{"line":136,"column":54},"skip":true}]},"17":{"line":164,"type":"binary-expr","locations":[{"start":{"line":164,"column":27},"end":{"line":164,"column":43},"skip":true},{"start":{"line":164,"column":47},"end":{"line":164,"column":49},"skip":true}]},"18":{"line":258,"type":"if","locations":[{"start":{"line":258,"column":8},"end":{"line":258,"column":8},"skip":true},{"start":{"line":258,"column":8},"end":{"line":258,"column":8},"skip":true}]},"19":{"line":275,"type":"switch","locations":[{"start":{"line":276,"column":20},"end":{"line":277,"column":64},"skip":true},{"start":{"line":278,"column":20},"end":{"line":279,"column":40},"skip":true},{"start":{"line":280,"column":20},"end":{"line":281,"column":40},"skip":true},{"start":{"line":282,"column":20},"end":{"line":283,"column":39},"skip":true}]},"20":{"line":288,"type":"if","locations":[{"start":{"line":288,"column":8},"end":{"line":288,"column":8},"skip":true},{"start":{"line":288,"column":8},"end":{"line":288,"column":8},"skip":true}]},"21":{"line":288,"type":"binary-expr","locations":[{"start":{"line":288,"column":12},"end":{"line":288,"column":40},"skip":true},{"start":{"line":288,"column":44},"end":{"line":288,"column":67},"skip":true}]},"22":{"line":292,"type":"binary-expr","locations":[{"start":{"line":292,"column":12},"end":{"line":292,"column":50},"skip":true},{"start":{"line":293,"column":12},"end":{"line":293,"column":53},"skip":true}]},"23":{"line":297,"type":"binary-expr","locations":[{"start":{"line":297,"column":12},"end":{"line":297,"column":80},"skip":true},{"start":{"line":298,"column":12},"end":{"line":301,"column":36},"skip":true}]},"24":{"line":303,"type":"binary-expr","locations":[{"start":{"line":303,"column":43},"end":{"line":303,"column":75},"skip":true},{"start":{"line":303,"column":79},"end":{"line":303,"column":81},"skip":true}]},"25":{"line":306,"type":"if","locations":[{"start":{"line":306,"column":8},"end":{"line":306,"column":8},"skip":true},{"start":{"line":306,"column":8},"end":{"line":306,"column":8},"skip":true}]},"26":{"line":310,"type":"if","locations":[{"start":{"line":310,"column":8},"end":{"line":310,"column":8},"skip":true},{"start":{"line":310,"column":8},"end":{"line":310,"column":8},"skip":true}]},"27":{"line":313,"type":"binary-expr","locations":[{"start":{"line":313,"column":27},"end":{"line":313,"column":43},"skip":true},{"start":{"line":313,"column":47},"end":{"line":313,"column":53},"skip":true}]},"28":{"line":317,"type":"if","locations":[{"start":{"line":317,"column":12},"end":{"line":317,"column":12},"skip":true},{"start":{"line":317,"column":12},"end":{"line":317,"column":12},"skip":true}]}},"code":["/*","example.js","","quickstart example","","instruction","    1. save this script as example.js","    2. run the shell command:","        $ npm install npmtest-webpack-dev-middleware && PORT=8081 node example.js","    3. play with the browser-demo on http://127.0.0.1:8081","*/","","","","/* istanbul instrument in package npmtest_webpack_dev_middleware */","/*jslint","    bitwise: true,","    browser: true,","    maxerr: 8,","    maxlen: 96,","    node: true,","    nomen: true,","    regexp: true,","    stupid: true","*/","(function () {","    'use strict';","    var local;","","","","    // run shared js-env code - pre-init","    (function () {","        // init local","        local = {};","        // init modeJs","        local.modeJs = (function () {","            try {","                return typeof navigator.userAgent === 'string' &&","                    typeof document.querySelector('body') === 'object' &&","                    typeof XMLHttpRequest.prototype.open === 'function' &&","                    'browser';","            } catch (errorCaughtBrowser) {","                return module.exports &&","                    typeof process.versions.node === 'string' &&","                    typeof require('http').createServer === 'function' &&","                    'node';","            }","        }());","        // init global","        local.global = local.modeJs === 'browser'","            ? window","            : global;","        // init utility2_rollup","        local = local.global.utility2_rollup || (local.modeJs === 'browser'","            ? local.global.utility2_npmtest_webpack_dev_middleware","            : global.utility2_moduleExports);","        // export local","        local.global.local = local;","    }());","    switch (local.modeJs) {","","","","    // post-init","    // run browser js-env code - post-init","    /* istanbul ignore next */","    case 'browser':","        local.testRunBrowser = function (event) {","            if (!event || (event &&","                    event.currentTarget &&","                    event.currentTarget.className &&","                    event.currentTarget.className.includes &&","                    event.currentTarget.className.includes('onreset'))) {","                // reset output","                Array.from(","                    document.querySelectorAll('body > .resettable')","                ).forEach(function (element) {","                    switch (element.tagName) {","                    case 'INPUT':","                    case 'TEXTAREA':","                        element.value = '';","                        break;","                    default:","                        element.textContent = '';","                    }","                });","            }","            switch (event && event.currentTarget && event.currentTarget.id) {","            case 'testRunButton1':","                // show tests","                if (document.querySelector('#testReportDiv1').style.display === 'none') {","                    document.querySelector('#testReportDiv1').style.display = 'block';","                    document.querySelector('#testRunButton1').textContent =","                        'hide internal test';","                    local.modeTest = true;","                    local.testRunDefault(local);","                // hide tests","                } else {","                    document.querySelector('#testReportDiv1').style.display = 'none';","                    document.querySelector('#testRunButton1').textContent = 'run internal test';","                }","                break;","            // custom-case","            default:","                break;","            }","            if (document.querySelector('#inputTextareaEval1') && (!event || (event &&","                    event.currentTarget &&","                    event.currentTarget.className &&","                    event.currentTarget.className.includes &&","                    event.currentTarget.className.includes('oneval')))) {","                // try to eval input-code","                try {","                    /*jslint evil: true*/","                    eval(document.querySelector('#inputTextareaEval1').value);","                } catch (errorCaught) {","                    console.error(errorCaught);","                }","            }","        };","        // log stderr and stdout to #outputTextareaStdout1","        ['error', 'log'].forEach(function (key) {","            console[key + '_original'] = console[key];","            console[key] = function () {","                var element;","                console[key + '_original'].apply(console, arguments);","                element = document.querySelector('#outputTextareaStdout1');","                if (!element) {","                    return;","                }","                // append text to #outputTextareaStdout1","                element.value += Array.from(arguments).map(function (arg) {","                    return typeof arg === 'string'","                        ? arg","                        : JSON.stringify(arg, null, 4);","                }).join(' ') + '\\n';","                // scroll textarea to bottom","                element.scrollTop = element.scrollHeight;","            };","        });","        // init event-handling","        ['change', 'click', 'keyup'].forEach(function (event) {","            Array.from(document.querySelectorAll('.on' + event)).forEach(function (element) {","                element.addEventListener(event, local.testRunBrowser);","            });","        });","        // run tests","        local.testRunBrowser();","        break;","","","","    // run node js-env code - post-init","    /* istanbul ignore next */","    case 'node':","        // export local","        module.exports = local;","        // require modules","        local.fs = require('fs');","        local.http = require('http');","        local.url = require('url');","        // init assets","        local.assetsDict = local.assetsDict || {};","        /* jslint-ignore-begin */","        local.assetsDict['/assets.index.template.html'] = '\\","<!doctype html>\\n\\","<html lang=\"en\">\\n\\","<head>\\n\\","<meta charset=\"UTF-8\">\\n\\","<meta name=\"viewport\" content=\"width=device-width, initial-scale=1\">\\n\\","<title>{{env.npm_package_name}} (v{{env.npm_package_version}})</title>\\n\\","<style>\\n\\","/*csslint\\n\\","    box-sizing: false,\\n\\","    universal-selector: false\\n\\","*/\\n\\","* {\\n\\","    box-sizing: border-box;\\n\\","}\\n\\","body {\\n\\","    background: #dde;\\n\\","    font-family: Arial, Helvetica, sans-serif;\\n\\","    margin: 2rem;\\n\\","}\\n\\","body > * {\\n\\","    margin-bottom: 1rem;\\n\\","}\\n\\",".utility2FooterDiv {\\n\\","    margin-top: 20px;\\n\\","    text-align: center;\\n\\","}\\n\\","</style>\\n\\","<style>\\n\\","/*csslint\\n\\","*/\\n\\","textarea {\\n\\","    font-family: monospace;\\n\\","    height: 10rem;\\n\\","    width: 100%;\\n\\","}\\n\\","textarea[readonly] {\\n\\","    background: #ddd;\\n\\","}\\n\\","</style>\\n\\","</head>\\n\\","<body>\\n\\","<!-- utility2-comment\\n\\","<div id=\"ajaxProgressDiv1\" style=\"background: #d00; height: 2px; left: 0; margin: 0; padding: 0; position: fixed; top: 0; transition: background 0.5s, width 1.5s; width: 25%;\"></div>\\n\\","utility2-comment -->\\n\\","<h1>\\n\\","<!-- utility2-comment\\n\\","    <a\\n\\","        {{#if env.npm_package_homepage}}\\n\\","        href=\"{{env.npm_package_homepage}}\"\\n\\","        {{/if env.npm_package_homepage}}\\n\\","        target=\"_blank\"\\n\\","    >\\n\\","utility2-comment -->\\n\\","        {{env.npm_package_name}} (v{{env.npm_package_version}})\\n\\","<!-- utility2-comment\\n\\","    </a>\\n\\","utility2-comment -->\\n\\","</h1>\\n\\","<h3>{{env.npm_package_description}}</h3>\\n\\","<!-- utility2-comment\\n\\","<h4><a download href=\"assets.app.js\">download standalone app</a></h4>\\n\\","<button class=\"onclick onreset\" id=\"testRunButton1\">run internal test</button><br>\\n\\","<div id=\"testReportDiv1\" style=\"display: none;\"></div>\\n\\","utility2-comment -->\\n\\","\\n\\","\\n\\","\\n\\","<label>stderr and stdout</label>\\n\\","<textarea class=\"resettable\" id=\"outputTextareaStdout1\" readonly></textarea>\\n\\","<!-- utility2-comment\\n\\","{{#if isRollup}}\\n\\","<script src=\"assets.app.js\"></script>\\n\\","{{#unless isRollup}}\\n\\","utility2-comment -->\\n\\","<script src=\"assets.utility2.rollup.js\"></script>\\n\\","<script src=\"jsonp.utility2._stateInit?callback=window.utility2._stateInit\"></script>\\n\\","<script src=\"assets.npmtest_webpack_dev_middleware.rollup.js\"></script>\\n\\","<script src=\"assets.example.js\"></script>\\n\\","<script src=\"assets.test.js\"></script>\\n\\","<!-- utility2-comment\\n\\","{{/if isRollup}}\\n\\","utility2-comment -->\\n\\","<div class=\"utility2FooterDiv\">\\n\\","    [ this app was created with\\n\\","    <a href=\"https://github.com/kaizhu256/node-utility2\" target=\"_blank\">utility2</a>\\n\\","    ]\\n\\","</div>\\n\\","</body>\\n\\","</html>\\n\\","';","        /* jslint-ignore-end */","        if (local.templateRender) {","            local.assetsDict['/'] = local.templateRender(","                local.assetsDict['/assets.index.template.html'],","                {","                    env: local.objectSetDefault(local.env, {","                        npm_package_description: 'the greatest app in the world!',","                        npm_package_name: 'my-app',","                        npm_package_nameAlias: 'my_app',","                        npm_package_version: '0.0.1'","                    })","                }","            );","        } else {","            local.assetsDict['/'] = local.assetsDict['/assets.index.template.html']","                .replace((/\\{\\{env\\.(\\w+?)\\}\\}/g), function (match0, match1) {","                    // jslint-hack","                    String(match0);","                    switch (match1) {","                    case 'npm_package_description':","                        return 'the greatest app in the world!';","                    case 'npm_package_name':","                        return 'my-app';","                    case 'npm_package_nameAlias':","                        return 'my_app';","                    case 'npm_package_version':","                        return '0.0.1';","                    }","                });","        }","        // run the cli","        if (local.global.utility2_rollup || module !== require.main) {","            break;","        }","        local.assetsDict['/assets.example.js'] =","            local.assetsDict['/assets.example.js'] ||","            local.fs.readFileSync(__filename, 'utf8');","        // bug-workaround - long $npm_package_buildCustomOrg","        /* jslint-ignore-begin */","        local.assetsDict['/assets.npmtest_webpack_dev_middleware.rollup.js'] =","            local.assetsDict['/assets.npmtest_webpack_dev_middleware.rollup.js'] ||","            local.fs.readFileSync(","                local.npmtest_webpack_dev_middleware.__dirname + '/lib.npmtest_webpack_dev_middleware.js',","                'utf8'","            ).replace((/^#!/), '//');","        /* jslint-ignore-end */","        local.assetsDict['/favicon.ico'] = local.assetsDict['/favicon.ico'] || '';","        // if $npm_config_timeout_exit exists,","        // then exit this process after $npm_config_timeout_exit ms","        if (Number(process.env.npm_config_timeout_exit)) {","            setTimeout(process.exit, Number(process.env.npm_config_timeout_exit));","        }","        // start server","        if (local.global.utility2_serverHttp1) {","            break;","        }","        process.env.PORT = process.env.PORT || '8081';","        console.error('server starting on port ' + process.env.PORT);","        local.http.createServer(function (request, response) {","            request.urlParsed = local.url.parse(request.url);","            if (local.assetsDict[request.urlParsed.pathname] !== undefined) {","                response.end(local.assetsDict[request.urlParsed.pathname]);","                return;","            }","            response.statusCode = 404;","            response.end();","        }).listen(process.env.PORT);","        break;","    }","}());",""],"l":{"26":2,"28":2,"33":2,"35":2,"37":2,"38":2,"39":2,"44":1,"51":2,"55":2,"59":2,"61":2,"69":1,"70":2,"76":2,"79":2,"82":2,"83":2,"85":1,"89":2,"92":1,"93":1,"94":1,"96":1,"97":1,"100":1,"101":1,"103":1,"106":1,"108":2,"114":1,"116":1,"118":1,"123":1,"124":2,"125":2,"126":3,"127":3,"128":3,"129":3,"130":1,"133":3,"134":3,"139":3,"143":1,"144":3,"145":1,"149":1,"150":1,"158":1,"160":1,"161":1,"162":1,"164":1,"166":1,"258":1,"259":1,"271":1,"274":6,"275":6,"277":1,"279":2,"281":1,"283":2,"288":1,"289":1,"291":1,"296":1,"303":1,"306":1,"307":1,"310":1,"311":1,"313":1,"314":1,"315":1,"316":1,"317":1,"318":1,"319":1,"321":1,"322":1,"324":1}},"/home/travis/build/npmtest/node-npmtest-webpack-dev-middleware/node_modules/webpack-dev-middleware/middleware.js":{"path":"/home/travis/build/npmtest/node-npmtest-webpack-dev-middleware/node_modules/webpack-dev-middleware/middleware.js","s":{"1":1,"2":1,"3":1,"4":1,"5":1,"6":0,"7":0,"8":1,"9":1,"10":0,"11":0,"12":0,"13":0,"14":0,"15":0,"16":0,"17":0,"18":0,"19":0,"20":0,"21":1,"22":0,"23":0,"24":0,"25":0,"26":0,"27":0,"28":0,"29":0,"30":0,"31":0,"32":0,"33":0,"34":0,"35":0,"36":0,"37":0,"38":0,"39":0,"40":0,"41":0,"42":0,"43":0,"44":0,"45":0,"46":0,"47":0,"48":0,"49":0},"b":{"1":[0,0],"2":[0,0],"3":[0,0],"4":[0,0],"5":[0,0],"6":[0,0],"7":[0,0],"8":[0,0],"9":[0,0],"10":[0,0]},"f":{"1":0,"2":0,"3":0,"4":0,"5":0},"fnMap":{"1":{"name":"(anonymous_1)","line":11,"loc":{"start":{"line":11,"column":17},"end":{"line":11,"column":45}}},"2":{"name":"webpackDevMiddleware","line":26,"loc":{"start":{"line":26,"column":1},"end":{"line":26,"column":47}}},"3":{"name":"goNext","line":27,"loc":{"start":{"line":27,"column":2},"end":{"line":27,"column":20}}},"4":{"name":"(anonymous_4)","line":29,"loc":{"start":{"line":29,"column":16},"end":{"line":29,"column":27}}},"5":{"name":"processRequest","line":45,"loc":{"start":{"line":45,"column":2},"end":{"line":45,"column":28}}}},"statementMap":{"1":{"start":{"line":5,"column":0},"end":{"line":5,"column":27}},"2":{"start":{"line":6,"column":0},"end":{"line":6,"column":61}},"3":{"start":{"line":7,"column":0},"end":{"line":7,"column":37}},"4":{"start":{"line":8,"column":0},"end":{"line":8,"column":41}},"5":{"start":{"line":11,"column":0},"end":{"line":85,"column":2}},"6":{"start":{"line":13,"column":1},"end":{"line":21,"column":3}},"7":{"start":{"line":22,"column":1},"end":{"line":22,"column":30}},"8":{"start":{"line":26,"column":1},"end":{"line":77,"column":2}},"9":{"start":{"line":27,"column":2},"end":{"line":33,"column":3}},"10":{"start":{"line":28,"column":3},"end":{"line":28,"column":55}},"11":{"start":{"line":28,"column":41},"end":{"line":28,"column":55}},"12":{"start":{"line":29,"column":3},"end":{"line":32,"column":11}},"13":{"start":{"line":30,"column":4},"end":{"line":30,"column":51}},"14":{"start":{"line":31,"column":4},"end":{"line":31,"column":11}},"15":{"start":{"line":35,"column":2},"end":{"line":37,"column":3}},"16":{"start":{"line":36,"column":3},"end":{"line":36,"column":19}},"17":{"start":{"line":39,"column":2},"end":{"line":39,"column":102}},"18":{"start":{"line":40,"column":2},"end":{"line":40,"column":41}},"19":{"start":{"line":40,"column":25},"end":{"line":40,"column":41}},"20":{"start":{"line":43,"column":2},"end":{"line":43,"column":54}},"21":{"start":{"line":45,"column":2},"end":{"line":76,"column":3}},"22":{"start":{"line":46,"column":3},"end":{"line":59,"column":4}},"23":{"start":{"line":47,"column":4},"end":{"line":47,"column":45}},"24":{"start":{"line":48,"column":4},"end":{"line":56,"column":5}},"25":{"start":{"line":49,"column":5},"end":{"line":55,"column":6}},"26":{"start":{"line":50,"column":6},"end":{"line":50,"column":75}},"27":{"start":{"line":51,"column":6},"end":{"line":51,"column":43}},"28":{"start":{"line":52,"column":6},"end":{"line":52,"column":38}},"29":{"start":{"line":52,"column":25},"end":{"line":52,"column":38}},"30":{"start":{"line":54,"column":6},"end":{"line":54,"column":19}},"31":{"start":{"line":58,"column":4},"end":{"line":58,"column":20}},"32":{"start":{"line":62,"column":3},"end":{"line":62,"column":51}},"33":{"start":{"line":63,"column":3},"end":{"line":63,"column":58}},"34":{"start":{"line":64,"column":3},"end":{"line":64,"column":53}},"35":{"start":{"line":65,"column":3},"end":{"line":65,"column":76}},"36":{"start":{"line":66,"column":3},"end":{"line":66,"column":51}},"37":{"start":{"line":67,"column":3},"end":{"line":71,"column":4}},"38":{"start":{"line":68,"column":4},"end":{"line":70,"column":5}},"39":{"start":{"line":69,"column":5},"end":{"line":69,"column":56}},"40":{"start":{"line":73,"column":3},"end":{"line":73,"column":42}},"41":{"start":{"line":74,"column":3},"end":{"line":75,"column":25}},"42":{"start":{"line":74,"column":16},"end":{"line":74,"column":34}},"43":{"start":{"line":75,"column":8},"end":{"line":75,"column":25}},"44":{"start":{"line":79,"column":1},"end":{"line":79,"column":130}},"45":{"start":{"line":80,"column":1},"end":{"line":80,"column":61}},"46":{"start":{"line":81,"column":1},"end":{"line":81,"column":53}},"47":{"start":{"line":82,"column":1},"end":{"line":82,"column":43}},"48":{"start":{"line":83,"column":1},"end":{"line":83,"column":46}},"49":{"start":{"line":84,"column":1},"end":{"line":84,"column":29}}},"branchMap":{"1":{"line":28,"type":"if","locations":[{"start":{"line":28,"column":3},"end":{"line":28,"column":3}},{"start":{"line":28,"column":3},"end":{"line":28,"column":3}}]},"2":{"line":35,"type":"if","locations":[{"start":{"line":35,"column":2},"end":{"line":35,"column":2}},{"start":{"line":35,"column":2},"end":{"line":35,"column":2}}]},"3":{"line":40,"type":"if","locations":[{"start":{"line":40,"column":2},"end":{"line":40,"column":2}},{"start":{"line":40,"column":2},"end":{"line":40,"column":2}}]},"4":{"line":48,"type":"if","locations":[{"start":{"line":48,"column":4},"end":{"line":48,"column":4}},{"start":{"line":48,"column":4},"end":{"line":48,"column":4}}]},"5":{"line":49,"type":"if","locations":[{"start":{"line":49,"column":5},"end":{"line":49,"column":5}},{"start":{"line":49,"column":5},"end":{"line":49,"column":5}}]},"6":{"line":50,"type":"binary-expr","locations":[{"start":{"line":50,"column":36},"end":{"line":50,"column":57}},{"start":{"line":50,"column":61},"end":{"line":50,"column":73}}]},"7":{"line":52,"type":"if","locations":[{"start":{"line":52,"column":6},"end":{"line":52,"column":6}},{"start":{"line":52,"column":6},"end":{"line":52,"column":6}}]},"8":{"line":67,"type":"if","locations":[{"start":{"line":67,"column":3},"end":{"line":67,"column":3}},{"start":{"line":67,"column":3},"end":{"line":67,"column":3}}]},"9":{"line":73,"type":"binary-expr","locations":[{"start":{"line":73,"column":20},"end":{"line":73,"column":34}},{"start":{"line":73,"column":38},"end":{"line":73,"column":41}}]},"10":{"line":74,"type":"if","locations":[{"start":{"line":74,"column":3},"end":{"line":74,"column":3}},{"start":{"line":74,"column":3},"end":{"line":74,"column":3}}]}},"code":["/*"," MIT License http://www.opensource.org/licenses/mit-license.php"," Author Tobias Koppers @sokra"," */","var mime = require(\"mime\");","var getFilenameFromUrl = require(\"./lib/GetFilenameFromUrl\");","var Shared = require(\"./lib/Shared\");","var pathJoin = require(\"./lib/PathJoin\");","","// constructor for the middleware","module.exports = function(compiler, options) {","","\tvar context = {","\t\tstate: false,","\t\twebpackStats: undefined,","\t\tcallbacks: [],","\t\toptions: options,","\t\tcompiler: compiler,","\t\twatching: undefined,","\t\tforceRebuild: false","\t};","\tvar shared = Shared(context);","","","\t// The middleware function","\tfunction webpackDevMiddleware(req, res, next) {","\t\tfunction goNext() {","\t\t\tif(!context.options.serverSideRender) return next();","\t\t\tshared.ready(function() {","\t\t\t\tres.locals.webpackStats = context.webpackStats;","\t\t\t\tnext();","\t\t\t}, req);","\t\t}","","\t\tif(req.method !== \"GET\") {","\t\t\treturn goNext();","\t\t}","","\t\tvar filename = getFilenameFromUrl(context.options.publicPath, context.compiler.outputPath, req.url);","\t\tif(filename === false) return goNext();","","","\t\tshared.handleRequest(filename, processRequest, req);","","\t\tfunction processRequest() {","\t\t\ttry {","\t\t\t\tvar stat = context.fs.statSync(filename);","\t\t\t\tif(!stat.isFile()) {","\t\t\t\t\tif(stat.isDirectory()) {","\t\t\t\t\t\tfilename = pathJoin(filename, context.options.index || \"index.html\");","\t\t\t\t\t\tstat = context.fs.statSync(filename);","\t\t\t\t\t\tif(!stat.isFile()) throw \"next\";","\t\t\t\t\t} else {","\t\t\t\t\t\tthrow \"next\";","\t\t\t\t\t}","\t\t\t\t}","\t\t\t} catch(e) {","\t\t\t\treturn goNext();","\t\t\t}","","\t\t\t// server content","\t\t\tvar content = context.fs.readFileSync(filename);","\t\t\tcontent = shared.handleRangeHeaders(content, req, res);","\t\t\tres.setHeader(\"Access-Control-Allow-Origin\", \"*\"); // To support XHR, etc.","\t\t\tres.setHeader(\"Content-Type\", mime.lookup(filename) + \"; charset=UTF-8\");","\t\t\tres.setHeader(\"Content-Length\", content.length);","\t\t\tif(context.options.headers) {","\t\t\t\tfor(var name in context.options.headers) {","\t\t\t\t\tres.setHeader(name, context.options.headers[name]);","\t\t\t\t}","\t\t\t}","\t\t\t// Express automatically sets the statusCode to 200, but not all servers do (Koa).","\t\t\tres.statusCode = res.statusCode || 200;","\t\t\tif(res.send) res.send(content);","\t\t\telse res.end(content);","\t\t}","\t}","","\twebpackDevMiddleware.getFilenameFromUrl = getFilenameFromUrl.bind(this, context.options.publicPath, context.compiler.outputPath);","\twebpackDevMiddleware.waitUntilValid = shared.waitUntilValid;","\twebpackDevMiddleware.invalidate = shared.invalidate;","\twebpackDevMiddleware.close = shared.close;","\twebpackDevMiddleware.fileSystem = context.fs;","\treturn webpackDevMiddleware;","};",""],"l":{"5":1,"6":1,"7":1,"8":1,"11":1,"13":0,"22":0,"26":1,"27":1,"28":0,"29":0,"30":0,"31":0,"35":0,"36":0,"39":0,"40":0,"43":0,"45":1,"46":0,"47":0,"48":0,"49":0,"50":0,"51":0,"52":0,"54":0,"58":0,"62":0,"63":0,"64":0,"65":0,"66":0,"67":0,"68":0,"69":0,"73":0,"74":0,"75":0,"79":0,"80":0,"81":0,"82":0,"83":0,"84":0}},"/home/travis/build/npmtest/node-npmtest-webpack-dev-middleware/node_modules/webpack-dev-middleware/lib/GetFilenameFromUrl.js":{"path":"/home/travis/build/npmtest/node-npmtest-webpack-dev-middleware/node_modules/webpack-dev-middleware/lib/GetFilenameFromUrl.js","s":{"1":1,"2":1,"3":1,"4":0,"5":0,"6":0,"7":0,"8":0,"9":0,"10":0,"11":0,"12":0,"13":0,"14":0,"15":0,"16":0,"17":1},"b":{"1":[0,0],"2":[0,0],"3":[0,0,0],"4":[0,0],"5":[0,0,0],"6":[0,0],"7":[0,0],"8":[0,0,0],"9":[0,0]},"f":{"1":0},"fnMap":{"1":{"name":"getFilenameFromUrl","line":4,"loc":{"start":{"line":4,"column":0},"end":{"line":4,"column":57}}}},"statementMap":{"1":{"start":{"line":1,"column":0},"end":{"line":1,"column":37}},"2":{"start":{"line":2,"column":0},"end":{"line":2,"column":36}},"3":{"start":{"line":4,"column":0},"end":{"line":35,"column":1}},"4":{"start":{"line":5,"column":1},"end":{"line":5,"column":14}},"5":{"start":{"line":6,"column":1},"end":{"line":6,"column":31}},"6":{"start":{"line":9,"column":1},"end":{"line":9,"column":60}},"7":{"start":{"line":10,"column":1},"end":{"line":10,"column":31}},"8":{"start":{"line":13,"column":1},"end":{"line":16,"column":2}},"9":{"start":{"line":15,"column":2},"end":{"line":15,"column":15}},"10":{"start":{"line":19,"column":1},"end":{"line":21,"column":2}},"11":{"start":{"line":20,"column":2},"end":{"line":20,"column":15}},"12":{"start":{"line":24,"column":1},"end":{"line":26,"column":2}},"13":{"start":{"line":25,"column":2},"end":{"line":25,"column":68}},"14":{"start":{"line":28,"column":1},"end":{"line":31,"column":2}},"15":{"start":{"line":30,"column":2},"end":{"line":30,"column":15}},"16":{"start":{"line":33,"column":1},"end":{"line":33,"column":63}},"17":{"start":{"line":37,"column":0},"end":{"line":37,"column":36}}},"branchMap":{"1":{"line":9,"type":"binary-expr","locations":[{"start":{"line":9,"column":28},"end":{"line":9,"column":38}},{"start":{"line":9,"column":42},"end":{"line":9,"column":45}}]},"2":{"line":13,"type":"if","locations":[{"start":{"line":13,"column":1},"end":{"line":13,"column":1}},{"start":{"line":13,"column":1},"end":{"line":13,"column":1}}]},"3":{"line":13,"type":"binary-expr","locations":[{"start":{"line":13,"column":4},"end":{"line":13,"column":33}},{"start":{"line":13,"column":37},"end":{"line":13,"column":64}},{"start":{"line":14,"column":2},"end":{"line":14,"column":45}}]},"4":{"line":19,"type":"if","locations":[{"start":{"line":19,"column":1},"end":{"line":19,"column":1}},{"start":{"line":19,"column":1},"end":{"line":19,"column":1}}]},"5":{"line":19,"type":"binary-expr","locations":[{"start":{"line":19,"column":4},"end":{"line":19,"column":14}},{"start":{"line":19,"column":18},"end":{"line":19,"column":61}},{"start":{"line":19,"column":65},"end":{"line":19,"column":94}}]},"6":{"line":24,"type":"if","locations":[{"start":{"line":24,"column":1},"end":{"line":24,"column":1}},{"start":{"line":24,"column":1},"end":{"line":24,"column":1}}]},"7":{"line":28,"type":"if","locations":[{"start":{"line":28,"column":1},"end":{"line":28,"column":1}},{"start":{"line":28,"column":1},"end":{"line":28,"column":1}}]},"8":{"line":28,"type":"binary-expr","locations":[{"start":{"line":28,"column":4},"end":{"line":28,"column":23}},{"start":{"line":28,"column":27},"end":{"line":28,"column":47}},{"start":{"line":29,"column":2},"end":{"line":29,"column":37}}]},"9":{"line":33,"type":"cond-expr","locations":[{"start":{"line":33,"column":19},"end":{"line":33,"column":49}},{"start":{"line":33,"column":52},"end":{"line":33,"column":62}}]}},"code":["var pathJoin = require(\"./PathJoin\");","var urlParse = require(\"url\").parse;","","function getFilenameFromUrl(publicPath, outputPath, url) {","\tvar filename;","\turl = decodeURIComponent(url);","","\t// localPrefix is the folder our bundle should be in","\tvar localPrefix = urlParse(publicPath || \"/\", false, true);","\tvar urlObject = urlParse(url);","","\t// publicPath has the hostname that is not the same as request url's, should fail","\tif(localPrefix.hostname !== null && urlObject.hostname !== null &&","\t\tlocalPrefix.hostname !== urlObject.hostname) {","\t\treturn false;","\t}","","\t// publicPath is not in url, so it should fail","\tif(publicPath && localPrefix.hostname === urlObject.hostname && url.indexOf(publicPath) !== 0) {","\t\treturn false;","\t}","","\t// strip localPrefix from the start of url","\tif(urlObject.pathname.indexOf(localPrefix.pathname) === 0) {","\t\tfilename = urlObject.pathname.substr(localPrefix.pathname.length);","\t}","","\tif(!urlObject.hostname && localPrefix.hostname &&","\t\turl.indexOf(localPrefix.path) !== 0) {","\t\treturn false;","\t}","\t// and if not match, use outputPath as filename","\treturn filename ? pathJoin(outputPath, filename) : outputPath;","","}","","module.exports = getFilenameFromUrl;",""],"l":{"1":1,"2":1,"4":1,"5":0,"6":0,"9":0,"10":0,"13":0,"15":0,"19":0,"20":0,"24":0,"25":0,"28":0,"30":0,"33":0,"37":1}},"/home/travis/build/npmtest/node-npmtest-webpack-dev-middleware/node_modules/webpack-dev-middleware/lib/PathJoin.js":{"path":"/home/travis/build/npmtest/node-npmtest-webpack-dev-middleware/node_modules/webpack-dev-middleware/lib/PathJoin.js","s":{"1":1,"2":0,"3":1},"b":{"1":[0,0],"2":[0,0]},"f":{"1":0},"fnMap":{"1":{"name":"pathJoin","line":1,"loc":{"start":{"line":1,"column":0},"end":{"line":1,"column":24}}}},"statementMap":{"1":{"start":{"line":1,"column":0},"end":{"line":3,"column":1}},"2":{"start":{"line":2,"column":1},"end":{"line":2,"column":49}},"3":{"start":{"line":5,"column":0},"end":{"line":5,"column":26}}},"branchMap":{"1":{"line":2,"type":"cond-expr","locations":[{"start":{"line":2,"column":19},"end":{"line":2,"column":26}},{"start":{"line":2,"column":29},"end":{"line":2,"column":48}}]},"2":{"line":2,"type":"binary-expr","locations":[{"start":{"line":2,"column":30},"end":{"line":2,"column":31}},{"start":{"line":2,"column":35},"end":{"line":2,"column":37}}]}},"code":["function pathJoin(a, b) {","\treturn a == \"/\" ? \"/\" + b : (a || \"\") + \"/\" + b;","}","","module.exports = pathJoin;",""],"l":{"1":1,"2":0,"5":1}},"/home/travis/build/npmtest/node-npmtest-webpack-dev-middleware/node_modules/webpack-dev-middleware/lib/Shared.js":{"path":"/home/travis/build/npmtest/node-npmtest-webpack-dev-middleware/node_modules/webpack-dev-middleware/lib/Shared.js","s":{"1":1,"2":1,"3":1,"4":1,"5":1,"6":0,"7":0,"8":0,"9":0,"10":0,"11":0,"12":0,"13":0,"14":0,"15":0,"16":0,"17":0,"18":0,"19":0,"20":0,"21":0,"22":0,"23":0,"24":0,"25":0,"26":0,"27":0,"28":0,"29":0,"30":0,"31":0,"32":0,"33":0,"34":0,"35":0,"36":0,"37":0,"38":0,"39":0,"40":0,"41":0,"42":0,"43":0,"44":0,"45":0,"46":0,"47":0,"48":0,"49":0,"50":0,"51":0,"52":0,"53":0,"54":0,"55":0,"56":0,"57":0,"58":0,"59":0,"60":0,"61":0,"62":0,"63":0,"64":0,"65":0,"66":0,"67":0,"68":0,"69":0,"70":0,"71":0,"72":0,"73":0,"74":0,"75":0,"76":0,"77":0,"78":0,"79":0,"80":0,"81":0,"82":0,"83":0,"84":0,"85":0,"86":0,"87":0,"88":0,"89":0,"90":0,"91":0,"92":0,"93":0,"94":0,"95":0,"96":0,"97":0,"98":0,"99":0,"100":0,"101":0,"102":0,"103":0,"104":0,"105":0,"106":0,"107":0,"108":0,"109":0,"110":0,"111":0,"112":0,"113":0,"114":0,"115":0,"116":0,"117":0,"118":0,"119":0,"120":0,"121":0,"122":0,"123":0,"124":0,"125":0,"126":0,"127":0,"128":0,"129":0,"130":0,"131":0,"132":0,"133":0,"134":0,"135":0},"b":{"1":[0,0],"2":[0,0],"3":[0,0],"4":[0,0],"5":[0,0],"6":[0,0],"7":[0,0],"8":[0,0],"9":[0,0],"10":[0,0],"11":[0,0],"12":[0,0],"13":[0,0],"14":[0,0],"15":[0,0],"16":[0,0,0],"17":[0,0],"18":[0,0],"19":[0,0],"20":[0,0],"21":[0,0],"22":[0,0],"23":[0,0],"24":[0,0],"25":[0,0],"26":[0,0],"27":[0,0],"28":[0,0,0],"29":[0,0],"30":[0,0],"31":[0,0],"32":[0,0],"33":[0,0],"34":[0,0,0],"35":[0,0],"36":[0,0],"37":[0,0],"38":[0,0],"39":[0,0],"40":[0,0],"41":[0,0],"42":[0,0],"43":[0,0],"44":[0,0],"45":[0,0],"46":[0,0],"47":[0,0,0],"48":[0,0],"49":[0,0],"50":[0,0],"51":[0,0],"52":[0,0],"53":[0,0],"54":[0,0]},"f":{"1":0,"2":0,"3":0,"4":0,"5":0,"6":0,"7":0,"8":0,"9":0,"10":0,"11":0,"12":0,"13":0,"14":0,"15":0,"16":0,"17":0,"18":0,"19":0,"20":0},"fnMap":{"1":{"name":"Shared","line":6,"loc":{"start":{"line":6,"column":17},"end":{"line":6,"column":42}}},"2":{"name":"(anonymous_2)","line":8,"loc":{"start":{"line":8,"column":14},"end":{"line":8,"column":32}}},"3":{"name":"(anonymous_3)","line":33,"loc":{"start":{"line":33,"column":19},"end":{"line":33,"column":45}}},"4":{"name":"handleRangeHeaders","line":59,"loc":{"start":{"line":59,"column":22},"end":{"line":59,"column":69}}},"5":{"name":"(anonymous_5)","line":86,"loc":{"start":{"line":86,"column":9},"end":{"line":86,"column":28}}},"6":{"name":"(anonymous_6)","line":101,"loc":{"start":{"line":101,"column":16},"end":{"line":101,"column":32}}},"7":{"name":"(anonymous_7)","line":108,"loc":{"start":{"line":108,"column":20},"end":{"line":108,"column":31}}},"8":{"name":"continueBecauseBundleAvailable","line":121,"loc":{"start":{"line":121,"column":16},"end":{"line":121,"column":60}}},"9":{"name":"(anonymous_9)","line":132,"loc":{"start":{"line":132,"column":19},"end":{"line":132,"column":30}}},"10":{"name":"ready","line":147,"loc":{"start":{"line":147,"column":9},"end":{"line":147,"column":33}}},"11":{"name":"(anonymous_11)","line":154,"loc":{"start":{"line":154,"column":14},"end":{"line":154,"column":25}}},"12":{"name":"rebuild","line":165,"loc":{"start":{"line":165,"column":11},"end":{"line":165,"column":30}}},"13":{"name":"(anonymous_13)","line":173,"loc":{"start":{"line":173,"column":26},"end":{"line":173,"column":40}}},"14":{"name":"(anonymous_14)","line":179,"loc":{"start":{"line":179,"column":17},"end":{"line":179,"column":57}}},"15":{"name":"(anonymous_15)","line":194,"loc":{"start":{"line":194,"column":18},"end":{"line":194,"column":37}}},"16":{"name":"(anonymous_16)","line":195,"loc":{"start":{"line":195,"column":26},"end":{"line":195,"column":37}}},"17":{"name":"(anonymous_17)","line":198,"loc":{"start":{"line":198,"column":14},"end":{"line":198,"column":33}}},"18":{"name":"(anonymous_18)","line":199,"loc":{"start":{"line":199,"column":26},"end":{"line":199,"column":37}}},"19":{"name":"(anonymous_19)","line":207,"loc":{"start":{"line":207,"column":9},"end":{"line":207,"column":28}}},"20":{"name":"(anonymous_20)","line":208,"loc":{"start":{"line":208,"column":26},"end":{"line":208,"column":37}}}},"statementMap":{"1":{"start":{"line":1,"column":0},"end":{"line":1,"column":41}},"2":{"start":{"line":2,"column":0},"end":{"line":2,"column":49}},"3":{"start":{"line":3,"column":0},"end":{"line":3,"column":44}},"4":{"start":{"line":4,"column":0},"end":{"line":4,"column":34}},"5":{"start":{"line":6,"column":0},"end":{"line":223,"column":2}},"6":{"start":{"line":7,"column":1},"end":{"line":212,"column":3}},"7":{"start":{"line":9,"column":3},"end":{"line":9,"column":29}},"8":{"start":{"line":9,"column":16},"end":{"line":9,"column":29}},"9":{"start":{"line":10,"column":3},"end":{"line":10,"column":77}},"10":{"start":{"line":10,"column":51},"end":{"line":10,"column":77}},"11":{"start":{"line":11,"column":3},"end":{"line":11,"column":87}},"12":{"start":{"line":11,"column":46},"end":{"line":11,"column":87}},"13":{"start":{"line":12,"column":3},"end":{"line":12,"column":81}},"14":{"start":{"line":12,"column":41},"end":{"line":12,"column":81}},"15":{"start":{"line":13,"column":3},"end":{"line":13,"column":84}},"16":{"start":{"line":13,"column":42},"end":{"line":13,"column":84}},"17":{"start":{"line":14,"column":3},"end":{"line":14,"column":87}},"18":{"start":{"line":14,"column":43},"end":{"line":14,"column":87}},"19":{"start":{"line":15,"column":3},"end":{"line":19,"column":4}},"20":{"start":{"line":17,"column":4},"end":{"line":17,"column":106}},"21":{"start":{"line":18,"column":4},"end":{"line":18,"column":63}},"22":{"start":{"line":20,"column":3},"end":{"line":20,"column":112}},"23":{"start":{"line":20,"column":68},"end":{"line":20,"column":112}},"24":{"start":{"line":21,"column":3},"end":{"line":21,"column":63}},"25":{"start":{"line":21,"column":44},"end":{"line":21,"column":63}},"26":{"start":{"line":22,"column":3},"end":{"line":22,"column":68}},"27":{"start":{"line":22,"column":30},"end":{"line":22,"column":68}},"28":{"start":{"line":23,"column":3},"end":{"line":30,"column":4}},"29":{"start":{"line":24,"column":4},"end":{"line":29,"column":5}},"30":{"start":{"line":25,"column":5},"end":{"line":27,"column":41}},"31":{"start":{"line":28,"column":5},"end":{"line":28,"column":61}},"32":{"start":{"line":31,"column":3},"end":{"line":31,"column":29}},"33":{"start":{"line":34,"column":3},"end":{"line":34,"column":37}},"34":{"start":{"line":35,"column":3},"end":{"line":35,"column":37}},"35":{"start":{"line":36,"column":3},"end":{"line":36,"column":41}},"36":{"start":{"line":38,"column":3},"end":{"line":57,"column":4}},"37":{"start":{"line":39,"column":4},"end":{"line":39,"column":67}},"38":{"start":{"line":40,"column":4},"end":{"line":42,"column":26}},"39":{"start":{"line":42,"column":5},"end":{"line":42,"column":26}},"40":{"start":{"line":43,"column":4},"end":{"line":45,"column":5}},"41":{"start":{"line":44,"column":5},"end":{"line":44,"column":48}},"42":{"start":{"line":46,"column":4},"end":{"line":54,"column":5}},"43":{"start":{"line":47,"column":5},"end":{"line":47,"column":40}},"44":{"start":{"line":48,"column":5},"end":{"line":52,"column":6}},"45":{"start":{"line":49,"column":6},"end":{"line":49,"column":33}},"46":{"start":{"line":50,"column":12},"end":{"line":52,"column":6}},"47":{"start":{"line":51,"column":6},"end":{"line":51,"column":38}},"48":{"start":{"line":53,"column":5},"end":{"line":53,"column":36}},"49":{"start":{"line":56,"column":4},"end":{"line":56,"column":41}},"50":{"start":{"line":61,"column":3},"end":{"line":61,"column":43}},"51":{"start":{"line":62,"column":3},"end":{"line":83,"column":4}},"52":{"start":{"line":63,"column":4},"end":{"line":63,"column":63}},"53":{"start":{"line":66,"column":4},"end":{"line":69,"column":5}},"54":{"start":{"line":67,"column":5},"end":{"line":67,"column":65}},"55":{"start":{"line":68,"column":5},"end":{"line":68,"column":26}},"56":{"start":{"line":72,"column":4},"end":{"line":82,"column":5}},"57":{"start":{"line":74,"column":5},"end":{"line":74,"column":26}},"58":{"start":{"line":75,"column":5},"end":{"line":75,"column":33}},"59":{"start":{"line":76,"column":5},"end":{"line":79,"column":7}},"60":{"start":{"line":81,"column":5},"end":{"line":81,"column":65}},"61":{"start":{"line":84,"column":3},"end":{"line":84,"column":18}},"62":{"start":{"line":87,"column":3},"end":{"line":89,"column":4}},"63":{"start":{"line":88,"column":4},"end":{"line":88,"column":74}},"64":{"start":{"line":92,"column":3},"end":{"line":92,"column":10}},"65":{"start":{"line":93,"column":3},"end":{"line":93,"column":97}},"66":{"start":{"line":94,"column":3},"end":{"line":98,"column":4}},"67":{"start":{"line":95,"column":4},"end":{"line":95,"column":35}},"68":{"start":{"line":97,"column":4},"end":{"line":97,"column":60}},"69":{"start":{"line":99,"column":3},"end":{"line":99,"column":19}},"70":{"start":{"line":103,"column":3},"end":{"line":103,"column":24}},"71":{"start":{"line":104,"column":3},"end":{"line":104,"column":32}},"72":{"start":{"line":108,"column":3},"end":{"line":124,"column":6}},"73":{"start":{"line":110,"column":4},"end":{"line":110,"column":30}},"74":{"start":{"line":110,"column":23},"end":{"line":110,"column":30}},"75":{"start":{"line":112,"column":4},"end":{"line":116,"column":7}},"76":{"start":{"line":119,"column":4},"end":{"line":119,"column":32}},"77":{"start":{"line":120,"column":4},"end":{"line":120,"column":27}},"78":{"start":{"line":121,"column":4},"end":{"line":123,"column":7}},"79":{"start":{"line":122,"column":5},"end":{"line":122,"column":15}},"80":{"start":{"line":127,"column":3},"end":{"line":130,"column":4}},"81":{"start":{"line":128,"column":4},"end":{"line":128,"column":33}},"82":{"start":{"line":129,"column":4},"end":{"line":129,"column":20}},"83":{"start":{"line":133,"column":3},"end":{"line":137,"column":7}},"84":{"start":{"line":134,"column":4},"end":{"line":137,"column":7}},"85":{"start":{"line":140,"column":3},"end":{"line":140,"column":25}},"86":{"start":{"line":142,"column":3},"end":{"line":145,"column":4}},"87":{"start":{"line":143,"column":4},"end":{"line":143,"column":32}},"88":{"start":{"line":144,"column":4},"end":{"line":144,"column":15}},"89":{"start":{"line":148,"column":3},"end":{"line":148,"column":33}},"90":{"start":{"line":149,"column":3},"end":{"line":149,"column":53}},"91":{"start":{"line":149,"column":21},"end":{"line":149,"column":53}},"92":{"start":{"line":150,"column":3},"end":{"line":151,"column":80}},"93":{"start":{"line":151,"column":4},"end":{"line":151,"column":80}},"94":{"start":{"line":152,"column":3},"end":{"line":152,"column":30}},"95":{"start":{"line":155,"column":3},"end":{"line":155,"column":33}},"96":{"start":{"line":156,"column":3},"end":{"line":156,"column":35}},"97":{"start":{"line":158,"column":3},"end":{"line":163,"column":4}},"98":{"start":{"line":159,"column":4},"end":{"line":159,"column":86}},"99":{"start":{"line":160,"column":4},"end":{"line":160,"column":32}},"100":{"start":{"line":162,"column":4},"end":{"line":162,"column":25}},"101":{"start":{"line":166,"column":3},"end":{"line":171,"column":4}},"102":{"start":{"line":167,"column":4},"end":{"line":167,"column":26}},"103":{"start":{"line":168,"column":4},"end":{"line":168,"column":55}},"104":{"start":{"line":170,"column":4},"end":{"line":170,"column":32}},"105":{"start":{"line":174,"column":3},"end":{"line":177,"column":4}},"106":{"start":{"line":175,"column":4},"end":{"line":175,"column":44}},"107":{"start":{"line":176,"column":4},"end":{"line":176,"column":55}},"108":{"start":{"line":176,"column":20},"end":{"line":176,"column":55}},"109":{"start":{"line":181,"column":3},"end":{"line":182,"column":20}},"110":{"start":{"line":182,"column":4},"end":{"line":182,"column":20}},"111":{"start":{"line":183,"column":3},"end":{"line":191,"column":4}},"112":{"start":{"line":184,"column":4},"end":{"line":190,"column":5}},"113":{"start":{"line":185,"column":5},"end":{"line":188,"column":6}},"114":{"start":{"line":186,"column":6},"end":{"line":186,"column":23}},"115":{"start":{"line":187,"column":6},"end":{"line":187,"column":13}},"116":{"start":{"line":192,"column":3},"end":{"line":192,"column":36}},"117":{"start":{"line":195,"column":3},"end":{"line":195,"column":40}},"118":{"start":{"line":196,"column":3},"end":{"line":196,"column":29}},"119":{"start":{"line":199,"column":3},"end":{"line":199,"column":40}},"120":{"start":{"line":200,"column":3},"end":{"line":205,"column":4}},"121":{"start":{"line":201,"column":4},"end":{"line":201,"column":30}},"122":{"start":{"line":202,"column":4},"end":{"line":202,"column":34}},"123":{"start":{"line":204,"column":4},"end":{"line":204,"column":15}},"124":{"start":{"line":208,"column":3},"end":{"line":208,"column":40}},"125":{"start":{"line":209,"column":3},"end":{"line":210,"column":19}},"126":{"start":{"line":209,"column":24},"end":{"line":209,"column":57}},"127":{"start":{"line":210,"column":8},"end":{"line":210,"column":19}},"128":{"start":{"line":213,"column":1},"end":{"line":213,"column":35}},"129":{"start":{"line":214,"column":1},"end":{"line":214,"column":31}},"130":{"start":{"line":216,"column":1},"end":{"line":216,"column":53}},"131":{"start":{"line":217,"column":1},"end":{"line":217,"column":59}},"132":{"start":{"line":218,"column":1},"end":{"line":218,"column":61}},"133":{"start":{"line":219,"column":1},"end":{"line":219,"column":55}},"134":{"start":{"line":221,"column":1},"end":{"line":221,"column":20}},"135":{"start":{"line":222,"column":1},"end":{"line":222,"column":14}}},"branchMap":{"1":{"line":9,"type":"if","locations":[{"start":{"line":9,"column":3},"end":{"line":9,"column":3}},{"start":{"line":9,"column":3},"end":{"line":9,"column":3}}]},"2":{"line":10,"type":"if","locations":[{"start":{"line":10,"column":3},"end":{"line":10,"column":3}},{"start":{"line":10,"column":3},"end":{"line":10,"column":3}}]},"3":{"line":11,"type":"if","locations":[{"start":{"line":11,"column":3},"end":{"line":11,"column":3}},{"start":{"line":11,"column":3},"end":{"line":11,"column":3}}]},"4":{"line":12,"type":"if","locations":[{"start":{"line":12,"column":3},"end":{"line":12,"column":3}},{"start":{"line":12,"column":3},"end":{"line":12,"column":3}}]},"5":{"line":13,"type":"if","locations":[{"start":{"line":13,"column":3},"end":{"line":13,"column":3}},{"start":{"line":13,"column":3},"end":{"line":13,"column":3}}]},"6":{"line":14,"type":"if","locations":[{"start":{"line":14,"column":3},"end":{"line":14,"column":3}},{"start":{"line":14,"column":3},"end":{"line":14,"column":3}}]},"7":{"line":15,"type":"if","locations":[{"start":{"line":15,"column":3},"end":{"line":15,"column":3}},{"start":{"line":15,"column":3},"end":{"line":15,"column":3}}]},"8":{"line":20,"type":"if","locations":[{"start":{"line":20,"column":3},"end":{"line":20,"column":3}},{"start":{"line":20,"column":3},"end":{"line":20,"column":3}}]},"9":{"line":21,"type":"if","locations":[{"start":{"line":21,"column":3},"end":{"line":21,"column":3}},{"start":{"line":21,"column":3},"end":{"line":21,"column":3}}]},"10":{"line":22,"type":"if","locations":[{"start":{"line":22,"column":3},"end":{"line":22,"column":3}},{"start":{"line":22,"column":3},"end":{"line":22,"column":3}}]},"11":{"line":23,"type":"if","locations":[{"start":{"line":23,"column":3},"end":{"line":23,"column":3}},{"start":{"line":23,"column":3},"end":{"line":23,"column":3}}]},"12":{"line":24,"type":"if","locations":[{"start":{"line":24,"column":4},"end":{"line":24,"column":4}},{"start":{"line":24,"column":4},"end":{"line":24,"column":4}}]},"13":{"line":38,"type":"if","locations":[{"start":{"line":38,"column":3},"end":{"line":38,"column":3}},{"start":{"line":38,"column":3},"end":{"line":38,"column":3}}]},"14":{"line":39,"type":"binary-expr","locations":[{"start":{"line":39,"column":24},"end":{"line":39,"column":38}},{"start":{"line":39,"column":42},"end":{"line":39,"column":65}}]},"15":{"line":40,"type":"if","locations":[{"start":{"line":40,"column":4},"end":{"line":40,"column":4}},{"start":{"line":40,"column":4},"end":{"line":40,"column":4}}]},"16":{"line":40,"type":"binary-expr","locations":[{"start":{"line":40,"column":7},"end":{"line":40,"column":19}},{"start":{"line":40,"column":23},"end":{"line":40,"column":66}},{"start":{"line":41,"column":5},"end":{"line":41,"column":19}}]},"17":{"line":40,"type":"binary-expr","locations":[{"start":{"line":40,"column":25},"end":{"line":40,"column":42}},{"start":{"line":40,"column":46},"end":{"line":40,"column":65}}]},"18":{"line":43,"type":"if","locations":[{"start":{"line":43,"column":4},"end":{"line":43,"column":4}},{"start":{"line":43,"column":4},"end":{"line":43,"column":4}}]},"19":{"line":46,"type":"if","locations":[{"start":{"line":46,"column":4},"end":{"line":46,"column":4}},{"start":{"line":46,"column":4},"end":{"line":46,"column":4}}]},"20":{"line":46,"type":"binary-expr","locations":[{"start":{"line":46,"column":7},"end":{"line":46,"column":22}},{"start":{"line":46,"column":26},"end":{"line":46,"column":40}}]},"21":{"line":48,"type":"if","locations":[{"start":{"line":48,"column":5},"end":{"line":48,"column":5}},{"start":{"line":48,"column":5},"end":{"line":48,"column":5}}]},"22":{"line":50,"type":"if","locations":[{"start":{"line":50,"column":12},"end":{"line":50,"column":12}},{"start":{"line":50,"column":12},"end":{"line":50,"column":12}}]},"23":{"line":62,"type":"if","locations":[{"start":{"line":62,"column":3},"end":{"line":62,"column":3}},{"start":{"line":62,"column":3},"end":{"line":62,"column":3}}]},"24":{"line":66,"type":"if","locations":[{"start":{"line":66,"column":4},"end":{"line":66,"column":4}},{"start":{"line":66,"column":4},"end":{"line":66,"column":4}}]},"25":{"line":72,"type":"if","locations":[{"start":{"line":72,"column":4},"end":{"line":72,"column":4}},{"start":{"line":72,"column":4},"end":{"line":72,"column":4}}]},"26":{"line":72,"type":"binary-expr","locations":[{"start":{"line":72,"column":7},"end":{"line":72,"column":19}},{"start":{"line":72,"column":23},"end":{"line":72,"column":42}}]},"27":{"line":87,"type":"if","locations":[{"start":{"line":87,"column":3},"end":{"line":87,"column":3}},{"start":{"line":87,"column":3},"end":{"line":87,"column":3}}]},"28":{"line":87,"type":"binary-expr","locations":[{"start":{"line":87,"column":6},"end":{"line":87,"column":45}},{"start":{"line":87,"column":49},"end":{"line":87,"column":91}},{"start":{"line":87,"column":95},"end":{"line":87,"column":137}}]},"29":{"line":93,"type":"binary-expr","locations":[{"start":{"line":93,"column":20},"end":{"line":93,"column":39}},{"start":{"line":93,"column":43},"end":{"line":93,"column":96}}]},"30":{"line":94,"type":"if","locations":[{"start":{"line":94,"column":3},"end":{"line":94,"column":3}},{"start":{"line":94,"column":3},"end":{"line":94,"column":3}}]},"31":{"line":110,"type":"if","locations":[{"start":{"line":110,"column":4},"end":{"line":110,"column":4}},{"start":{"line":110,"column":4},"end":{"line":110,"column":4}}]},"32":{"line":127,"type":"if","locations":[{"start":{"line":127,"column":3},"end":{"line":127,"column":3}},{"start":{"line":127,"column":3},"end":{"line":127,"column":3}}]},"33":{"line":133,"type":"if","locations":[{"start":{"line":133,"column":3},"end":{"line":133,"column":3}},{"start":{"line":133,"column":3},"end":{"line":133,"column":3}}]},"34":{"line":133,"type":"binary-expr","locations":[{"start":{"line":133,"column":6},"end":{"line":133,"column":19}},{"start":{"line":133,"column":24},"end":{"line":133,"column":47}},{"start":{"line":133,"column":51},"end":{"line":133,"column":73}}]},"35":{"line":142,"type":"if","locations":[{"start":{"line":142,"column":3},"end":{"line":142,"column":3}},{"start":{"line":142,"column":3},"end":{"line":142,"column":3}}]},"36":{"line":142,"type":"binary-expr","locations":[{"start":{"line":142,"column":6},"end":{"line":142,"column":28}},{"start":{"line":142,"column":32},"end":{"line":142,"column":66}}]},"37":{"line":149,"type":"if","locations":[{"start":{"line":149,"column":3},"end":{"line":149,"column":3}},{"start":{"line":149,"column":3},"end":{"line":149,"column":3}}]},"38":{"line":150,"type":"if","locations":[{"start":{"line":150,"column":3},"end":{"line":150,"column":3}},{"start":{"line":150,"column":3},"end":{"line":150,"column":3}}]},"39":{"line":150,"type":"binary-expr","locations":[{"start":{"line":150,"column":6},"end":{"line":150,"column":21}},{"start":{"line":150,"column":25},"end":{"line":150,"column":39}}]},"40":{"line":151,"type":"binary-expr","locations":[{"start":{"line":151,"column":59},"end":{"line":151,"column":66}},{"start":{"line":151,"column":70},"end":{"line":151,"column":77}}]},"41":{"line":158,"type":"if","locations":[{"start":{"line":158,"column":3},"end":{"line":158,"column":3}},{"start":{"line":158,"column":3},"end":{"line":158,"column":3}}]},"42":{"line":166,"type":"if","locations":[{"start":{"line":166,"column":3},"end":{"line":166,"column":3}},{"start":{"line":166,"column":3},"end":{"line":166,"column":3}}]},"43":{"line":174,"type":"if","locations":[{"start":{"line":174,"column":3},"end":{"line":174,"column":3}},{"start":{"line":174,"column":3},"end":{"line":174,"column":3}}]},"44":{"line":175,"type":"binary-expr","locations":[{"start":{"line":175,"column":26},"end":{"line":175,"column":35}},{"start":{"line":175,"column":39},"end":{"line":175,"column":42}}]},"45":{"line":176,"type":"if","locations":[{"start":{"line":176,"column":4},"end":{"line":176,"column":4}},{"start":{"line":176,"column":4},"end":{"line":176,"column":4}}]},"46":{"line":181,"type":"if","locations":[{"start":{"line":181,"column":3},"end":{"line":181,"column":3}},{"start":{"line":181,"column":3},"end":{"line":181,"column":3}}]},"47":{"line":181,"type":"binary-expr","locations":[{"start":{"line":181,"column":6},"end":{"line":181,"column":26}},{"start":{"line":181,"column":31},"end":{"line":181,"column":56}},{"start":{"line":181,"column":60},"end":{"line":181,"column":99}}]},"48":{"line":183,"type":"if","locations":[{"start":{"line":183,"column":3},"end":{"line":183,"column":3}},{"start":{"line":183,"column":3},"end":{"line":183,"column":3}}]},"49":{"line":185,"type":"if","locations":[{"start":{"line":185,"column":5},"end":{"line":185,"column":5}},{"start":{"line":185,"column":5},"end":{"line":185,"column":5}}]},"50":{"line":195,"type":"binary-expr","locations":[{"start":{"line":195,"column":14},"end":{"line":195,"column":22}},{"start":{"line":195,"column":26},"end":{"line":195,"column":39}}]},"51":{"line":199,"type":"binary-expr","locations":[{"start":{"line":199,"column":14},"end":{"line":199,"column":22}},{"start":{"line":199,"column":26},"end":{"line":199,"column":39}}]},"52":{"line":200,"type":"if","locations":[{"start":{"line":200,"column":3},"end":{"line":200,"column":3}},{"start":{"line":200,"column":3},"end":{"line":200,"column":3}}]},"53":{"line":208,"type":"binary-expr","locations":[{"start":{"line":208,"column":14},"end":{"line":208,"column":22}},{"start":{"line":208,"column":26},"end":{"line":208,"column":39}}]},"54":{"line":209,"type":"if","locations":[{"start":{"line":209,"column":3},"end":{"line":209,"column":3}},{"start":{"line":209,"column":3},"end":{"line":209,"column":3}}]}},"code":["var parseRange = require(\"range-parser\");","var pathIsAbsolute = require(\"path-is-absolute\");","var MemoryFileSystem = require(\"memory-fs\");","var HASH_REGEXP = /[0-9a-f]{10,}/;","","module.exports = function Shared(context) {","\tvar share = {","\t\tsetOptions: function(options) {","\t\t\tif(!options) options = {};","\t\t\tif(typeof options.watchOptions === \"undefined\") options.watchOptions = {};","\t\t\tif(typeof options.reporter !== \"function\") options.reporter = share.defaultReporter;","\t\t\tif(typeof options.log !== \"function\") options.log = console.log.bind(console);","\t\t\tif(typeof options.warn !== \"function\") options.warn = console.warn.bind(console);","\t\t\tif(typeof options.error !== \"function\") options.error = console.error.bind(console);","\t\t\tif(typeof options.watchDelay !== \"undefined\") {","\t\t\t\t// TODO remove this in next major version","\t\t\t\toptions.warn(\"options.watchDelay is deprecated: Use 'options.watchOptions.aggregateTimeout' instead\");","\t\t\t\toptions.watchOptions.aggregateTimeout = options.watchDelay;","\t\t\t}","\t\t\tif(typeof options.watchOptions.aggregateTimeout === \"undefined\") options.watchOptions.aggregateTimeout = 200;","\t\t\tif(typeof options.stats === \"undefined\") options.stats = {};","\t\t\tif(!options.stats.context) options.stats.context = process.cwd();","\t\t\tif(options.lazy) {","\t\t\t\tif(typeof options.filename === \"string\") {","\t\t\t\t\tvar str = options.filename","\t\t\t\t\t\t.replace(/[\\-\\[\\]\\/\\{\\}\\(\\)\\*\\+\\?\\.\\\\\\^\\$\\|]/g, \"\\\\$&\")","\t\t\t\t\t\t.replace(/\\\\\\[[a-z]+\\\\\\]/ig, \".+\");","\t\t\t\t\toptions.filename = new RegExp(\"^[\\/]{0,1}\" + str + \"$\");","\t\t\t\t}","\t\t\t}","\t\t\tcontext.options = options;","\t\t},","\t\tdefaultReporter: function(reporterOptions) {","\t\t\tvar state = reporterOptions.state;","\t\t\tvar stats = reporterOptions.stats;","\t\t\tvar options = reporterOptions.options;","","\t\t\tif(state) {","\t\t\t\tvar displayStats = (!options.quiet && options.stats !== false);","\t\t\t\tif(displayStats && !(stats.hasErrors() || stats.hasWarnings()) &&","\t\t\t\t\toptions.noInfo)","\t\t\t\t\tdisplayStats = false;","\t\t\t\tif(displayStats) {","\t\t\t\t\toptions.log(stats.toString(options.stats));","\t\t\t\t}","\t\t\t\tif(!options.noInfo && !options.quiet) {","\t\t\t\t\tvar msg = \"Compiled successfully.\";","\t\t\t\t\tif(stats.hasErrors()) {","\t\t\t\t\t\tmsg = \"Failed to compile.\";","\t\t\t\t\t} else if(stats.hasWarnings()) {","\t\t\t\t\t\tmsg = \"Compiled with warnings.\";","\t\t\t\t\t}","\t\t\t\t\toptions.log(\"webpack: \" + msg);","\t\t\t\t}","\t\t\t} else {","\t\t\t\toptions.log(\"webpack: Compiling...\");","\t\t\t}","\t\t},","\t\thandleRangeHeaders: function handleRangeHeaders(content, req, res) {","\t\t\t//assumes express API. For other servers, need to add logic to access alternative header APIs","\t\t\tres.setHeader(\"Accept-Ranges\", \"bytes\");","\t\t\tif(req.headers.range) {","\t\t\t\tvar ranges = parseRange(content.length, req.headers.range);","","\t\t\t\t// unsatisfiable","\t\t\t\tif(-1 == ranges) {","\t\t\t\t\tres.setHeader(\"Content-Range\", \"bytes */\" + content.length);","\t\t\t\t\tres.statusCode = 416;","\t\t\t\t}","","\t\t\t\t// valid (syntactically invalid/multiple ranges are treated as a regular response)","\t\t\t\tif(-2 != ranges && ranges.length === 1) {","\t\t\t\t\t// Content-Range","\t\t\t\t\tres.statusCode = 206;","\t\t\t\t\tvar length = content.length;","\t\t\t\t\tres.setHeader(","\t\t\t\t\t\t\"Content-Range\",","\t\t\t\t\t\t\"bytes \" + ranges[0].start + \"-\" + ranges[0].end + \"/\" + length","\t\t\t\t\t);","","\t\t\t\t\tcontent = content.slice(ranges[0].start, ranges[0].end + 1);","\t\t\t\t}","\t\t\t}","\t\t\treturn content;","\t\t},","\t\tsetFs: function(compiler) {","\t\t\tif(typeof compiler.outputPath === \"string\" && !pathIsAbsolute.posix(compiler.outputPath) && !pathIsAbsolute.win32(compiler.outputPath)) {","\t\t\t\tthrow new Error(\"`output.path` needs to be an absolute path or `/`.\");","\t\t\t}","","\t\t\t// store our files in memory","\t\t\tvar fs;","\t\t\tvar isMemoryFs = !compiler.compilers && compiler.outputFileSystem instanceof MemoryFileSystem;","\t\t\tif(isMemoryFs) {","\t\t\t\tfs = compiler.outputFileSystem;","\t\t\t} else {","\t\t\t\tfs = compiler.outputFileSystem = new MemoryFileSystem();","\t\t\t}","\t\t\tcontext.fs = fs;","\t\t},","\t\tcompilerDone: function(stats) {","\t\t\t// We are now on valid state","\t\t\tcontext.state = true;","\t\t\tcontext.webpackStats = stats;","","\t\t\t// Do the stuff in nextTick, because bundle may be invalidated","\t\t\t// if a change happened while compiling","\t\t\tprocess.nextTick(function() {","\t\t\t\t// check if still in valid state","\t\t\t\tif(!context.state) return;","\t\t\t\t// print webpack output","\t\t\t\tcontext.options.reporter({","\t\t\t\t\tstate: true,","\t\t\t\t\tstats: stats,","\t\t\t\t\toptions: context.options","\t\t\t\t});","","\t\t\t\t// execute callback that are delayed","\t\t\t\tvar cbs = context.callbacks;","\t\t\t\tcontext.callbacks = [];","\t\t\t\tcbs.forEach(function continueBecauseBundleAvailable(cb) {","\t\t\t\t\tcb(stats);","\t\t\t\t});","\t\t\t});","","\t\t\t// In lazy mode, we may issue another rebuild","\t\t\tif(context.forceRebuild) {","\t\t\t\tcontext.forceRebuild = false;","\t\t\t\tshare.rebuild();","\t\t\t}","\t\t},","\t\tcompilerInvalid: function() {","\t\t\tif(context.state && (!context.options.noInfo && !context.options.quiet))","\t\t\t\tcontext.options.reporter({","\t\t\t\t\tstate: false,","\t\t\t\t\toptions: context.options","\t\t\t\t});","","\t\t\t// We are now in invalid state","\t\t\tcontext.state = false;","\t\t\t//resolve async","\t\t\tif(arguments.length === 2 && typeof arguments[1] === \"function\") {","\t\t\t\tvar callback = arguments[1];","\t\t\t\tcallback();","\t\t\t}","\t\t},","\t\tready: function ready(fn, req) {","\t\t\tvar options = context.options;","\t\t\tif(context.state) return fn(context.webpackStats);","\t\t\tif(!options.noInfo && !options.quiet)","\t\t\t\toptions.log(\"webpack: wait until bundle finished: \" + (req.url || fn.name));","\t\t\tcontext.callbacks.push(fn);","\t\t},","\t\tstartWatch: function() {","\t\t\tvar options = context.options;","\t\t\tvar compiler = context.compiler;","\t\t\t// start watching","\t\t\tif(!options.lazy) {","\t\t\t\tvar watching = compiler.watch(options.watchOptions, share.handleCompilerCallback);","\t\t\t\tcontext.watching = watching;","\t\t\t} else {","\t\t\t\tcontext.state = true;","\t\t\t}","\t\t},","\t\trebuild: function rebuild() {","\t\t\tif(context.state) {","\t\t\t\tcontext.state = false;","\t\t\t\tcontext.compiler.run(share.handleCompilerCallback);","\t\t\t} else {","\t\t\t\tcontext.forceRebuild = true;","\t\t\t}","\t\t},","\t\thandleCompilerCallback: function(err) {","\t\t\tif(err) {","\t\t\t\tcontext.options.error(err.stack || err);","\t\t\t\tif(err.details) context.options.error(err.details);","\t\t\t}","\t\t},","\t\thandleRequest: function(filename, processRequest, req) {","\t\t\t// in lazy mode, rebuild on bundle request","\t\t\tif(context.options.lazy && (!context.options.filename || context.options.filename.test(filename)))","\t\t\t\tshare.rebuild();","\t\t\tif(HASH_REGEXP.test(filename)) {","\t\t\t\ttry {","\t\t\t\t\tif(context.fs.statSync(filename).isFile()) {","\t\t\t\t\t\tprocessRequest();","\t\t\t\t\t\treturn;","\t\t\t\t\t}","\t\t\t\t} catch(e) {","\t\t\t\t}","\t\t\t}","\t\t\tshare.ready(processRequest, req);","\t\t},","\t\twaitUntilValid: function(callback) {","\t\t\tcallback = callback || function() {};","\t\t\tshare.ready(callback, {});","\t\t},","\t\tinvalidate: function(callback) {","\t\t\tcallback = callback || function() {};","\t\t\tif(context.watching) {","\t\t\t\tshare.ready(callback, {});","\t\t\t\tcontext.watching.invalidate();","\t\t\t} else {","\t\t\t\tcallback();","\t\t\t}","\t\t},","\t\tclose: function(callback) {","\t\t\tcallback = callback || function() {};","\t\t\tif(context.watching) context.watching.close(callback);","\t\t\telse callback();","\t\t}","\t};","\tshare.setOptions(context.options);","\tshare.setFs(context.compiler);","","\tcontext.compiler.plugin(\"done\", share.compilerDone);","\tcontext.compiler.plugin(\"invalid\", share.compilerInvalid);","\tcontext.compiler.plugin(\"watch-run\", share.compilerInvalid);","\tcontext.compiler.plugin(\"run\", share.compilerInvalid);","","\tshare.startWatch();","\treturn share;","};",""],"l":{"1":1,"2":1,"3":1,"4":1,"6":1,"7":0,"9":0,"10":0,"11":0,"12":0,"13":0,"14":0,"15":0,"17":0,"18":0,"20":0,"21":0,"22":0,"23":0,"24":0,"25":0,"28":0,"31":0,"34":0,"35":0,"36":0,"38":0,"39":0,"40":0,"42":0,"43":0,"44":0,"46":0,"47":0,"48":0,"49":0,"50":0,"51":0,"53":0,"56":0,"61":0,"62":0,"63":0,"66":0,"67":0,"68":0,"72":0,"74":0,"75":0,"76":0,"81":0,"84":0,"87":0,"88":0,"92":0,"93":0,"94":0,"95":0,"97":0,"99":0,"103":0,"104":0,"108":0,"110":0,"112":0,"119":0,"120":0,"121":0,"122":0,"127":0,"128":0,"129":0,"133":0,"134":0,"140":0,"142":0,"143":0,"144":0,"148":0,"149":0,"150":0,"151":0,"152":0,"155":0,"156":0,"158":0,"159":0,"160":0,"162":0,"166":0,"167":0,"168":0,"170":0,"174":0,"175":0,"176":0,"181":0,"182":0,"183":0,"184":0,"185":0,"186":0,"187":0,"192":0,"195":0,"196":0,"199":0,"200":0,"201":0,"202":0,"204":0,"208":0,"209":0,"210":0,"213":0,"214":0,"216":0,"217":0,"218":0,"219":0,"221":0,"222":0}}}